2025-02-08 12:18:23,878 - basicLogger - INFO - Periodic processing started
2025-02-08 12:18:28,104 - basicLogger - DEBUG - <Response [200 OK]>
2025-02-08 12:18:28,108 - basicLogger - INFO - new odometer readings received since last check:5
2025-02-08 12:18:28,108 - basicLogger - INFO - new jobs completed since last check:3
2025-02-08 12:18:28,108 - basicLogger - DEBUG - {'num_odometer_readings': 5, 'num_jobs_completed': 3, 'max_odometer_reading': 82300, 'jobs_by_bay': [0, 0, 3, 0, 0, 0], 'most_efficient_bay': 3, 'last_updated': '2025-02-08T20:18:23Z'}
2025-02-08 12:18:28,108 - basicLogger - INFO - periodic processing complete
2025-02-08 12:18:33,879 - basicLogger - INFO - Periodic processing started
2025-02-08 12:18:38,070 - basicLogger - DEBUG - <Response [200 OK]>
2025-02-08 12:18:38,070 - basicLogger - INFO - new odometer readings received since last check:0
2025-02-08 12:18:38,070 - basicLogger - INFO - new jobs completed since last check:0
2025-02-08 12:18:38,073 - basicLogger - DEBUG - {'num_odometer_readings': 5, 'num_jobs_completed': 3, 'max_odometer_reading': 82300, 'jobs_by_bay': [0, 0, 3, 0, 0, 0], 'most_efficient_bay': 3, 'last_updated': '2025-02-08T20:18:33Z'}
2025-02-08 12:18:38,073 - basicLogger - INFO - periodic processing complete
2025-02-08 12:29:39,740 - basicLogger - INFO - Periodic processing started
2025-02-08 12:29:43,969 - basicLogger - INFO - new odometer readings received since last check: 1
2025-02-08 12:29:43,969 - basicLogger - INFO - new jobs completed since last check: 1
2025-02-08 12:29:43,971 - basicLogger - DEBUG - {'num_odometer_readings': 6, 'num_jobs_completed': 4, 'max_odometer_reading': 82300, 'jobs_by_bay': [0, 0, 4, 0, 0, 0], 'most_efficient_bay': 3, 'last_updated': '2025-02-08T20:29:39Z'}
2025-02-08 12:29:43,972 - basicLogger - INFO - periodic processing complete
2025-02-17 16:19:24,908 - basicLogger - INFO - Periodic processing started
2025-02-17 16:19:38,069 - basicLogger - ERROR - odo request failed

<Response [500 Internal Server Error]>
2025-02-17 16:19:38,069 - basicLogger - ERROR - job request failed

<Response [500 Internal Server Error]>
2025-02-17 16:20:24,906 - basicLogger - INFO - Periodic processing started
2025-02-17 16:20:37,337 - basicLogger - ERROR - odo request failed

<Response [500 Internal Server Error]>
2025-02-17 16:20:37,338 - basicLogger - ERROR - job request failed

<Response [500 Internal Server Error]>
2025-02-17 16:26:36,759 - basicLogger - INFO - Periodic processing started
2025-02-17 16:26:41,489 - basicLogger - ERROR - odo request failed

<Response [500 Internal Server Error]>
2025-02-17 16:26:41,489 - basicLogger - ERROR - job request failed

<Response [500 Internal Server Error]>
2025-02-17 16:27:36,765 - basicLogger - INFO - Periodic processing started
2025-02-17 16:27:41,089 - basicLogger - ERROR - odo request failed

<Response [500 Internal Server Error]>
2025-02-17 16:27:41,089 - basicLogger - ERROR - job request failed

<Response [500 Internal Server Error]>
2025-02-17 16:28:36,759 - basicLogger - INFO - Periodic processing started
2025-02-17 16:28:41,160 - basicLogger - ERROR - odo request failed

<Response [500 Internal Server Error]>
2025-02-17 16:28:41,161 - basicLogger - ERROR - job request failed

<Response [500 Internal Server Error]>
2025-02-17 16:29:36,757 - basicLogger - INFO - Periodic processing started
2025-02-17 16:29:41,074 - basicLogger - ERROR - odo request failed

<Response [500 Internal Server Error]>
2025-02-17 16:29:41,074 - basicLogger - ERROR - job request failed

<Response [500 Internal Server Error]>
2025-02-17 16:30:36,766 - basicLogger - INFO - Periodic processing started
2025-02-17 16:30:40,975 - basicLogger - INFO - new odometer readings received since last check: 1
2025-02-17 16:30:40,980 - basicLogger - INFO - new jobs completed since last check: 1
2025-02-17 16:30:40,980 - basicLogger - DEBUG - {'num_odometer_readings': 7, 'num_jobs_completed': 5, 'max_odometer_reading': 82300, 'jobs_by_bay': [0, 0, 5, 0, 0, 0], 'most_efficient_bay': 3, 'last_updated': '2025-02-18T00:30:36Z'}
2025-02-17 16:30:40,980 - basicLogger - INFO - periodic processing complete
2025-02-17 16:31:36,758 - basicLogger - INFO - Periodic processing started
2025-02-17 16:31:40,957 - basicLogger - INFO - new odometer readings received since last check: 0
2025-02-17 16:31:40,959 - basicLogger - INFO - new jobs completed since last check: 0
2025-02-17 16:31:40,960 - basicLogger - DEBUG - {'num_odometer_readings': 7, 'num_jobs_completed': 5, 'max_odometer_reading': 82300, 'jobs_by_bay': [0, 0, 5, 0, 0, 0], 'most_efficient_bay': 3, 'last_updated': '2025-02-18T00:31:36Z'}
2025-02-17 16:31:40,962 - basicLogger - INFO - periodic processing complete
2025-02-17 16:32:36,764 - basicLogger - INFO - Periodic processing started
2025-02-17 16:32:41,020 - basicLogger - INFO - new odometer readings received since last check: 1
2025-02-17 16:32:41,020 - basicLogger - INFO - new jobs completed since last check: 1
2025-02-17 16:32:41,023 - basicLogger - DEBUG - {'num_odometer_readings': 1, 'num_jobs_completed': 1, 'max_odometer_reading': 67900, 'jobs_by_bay': [0, 0, 1, 0, 0, 0], 'most_efficient_bay': 3, 'last_updated': '2025-02-18T00:32:36Z'}
2025-02-17 16:32:41,024 - basicLogger - INFO - periodic processing complete
2025-02-17 16:33:36,767 - basicLogger - INFO - Periodic processing started
2025-02-17 16:33:40,994 - basicLogger - INFO - new odometer readings received since last check: 0
2025-02-17 16:33:40,994 - basicLogger - INFO - new jobs completed since last check: 0
2025-02-17 16:33:40,995 - basicLogger - DEBUG - {'num_odometer_readings': 1, 'num_jobs_completed': 1, 'max_odometer_reading': 67900, 'jobs_by_bay': [0, 0, 1, 0, 0, 0], 'most_efficient_bay': 3, 'last_updated': '2025-02-18T00:33:36Z'}
2025-02-17 16:33:40,998 - basicLogger - INFO - periodic processing complete
2025-02-17 16:34:36,767 - basicLogger - INFO - Periodic processing started
2025-02-17 16:34:40,954 - basicLogger - INFO - new odometer readings received since last check: 0
2025-02-17 16:34:40,955 - basicLogger - INFO - new jobs completed since last check: 0
2025-02-17 16:34:40,956 - basicLogger - DEBUG - {'num_odometer_readings': 1, 'num_jobs_completed': 1, 'max_odometer_reading': 67900, 'jobs_by_bay': [0, 0, 1, 0, 0, 0], 'most_efficient_bay': 3, 'last_updated': '2025-02-18T00:34:36Z'}
2025-02-17 16:34:40,958 - basicLogger - INFO - periodic processing complete
2025-02-17 16:35:36,766 - basicLogger - INFO - Periodic processing started
2025-02-17 16:35:40,994 - basicLogger - INFO - new odometer readings received since last check: 0
2025-02-17 16:35:40,994 - basicLogger - INFO - new jobs completed since last check: 0
2025-02-17 16:35:40,997 - basicLogger - DEBUG - {'num_odometer_readings': 1, 'num_jobs_completed': 1, 'max_odometer_reading': 67900, 'jobs_by_bay': [0, 0, 1, 0, 0, 0], 'most_efficient_bay': 3, 'last_updated': '2025-02-18T00:35:36Z'}
2025-02-17 16:35:40,998 - basicLogger - INFO - periodic processing complete
2025-02-17 16:36:36,759 - basicLogger - INFO - Periodic processing started
2025-02-17 16:36:40,916 - basicLogger - INFO - new odometer readings received since last check: 0
2025-02-17 16:36:40,917 - basicLogger - INFO - new jobs completed since last check: 0
2025-02-17 16:36:40,919 - basicLogger - DEBUG - {'num_odometer_readings': 1, 'num_jobs_completed': 1, 'max_odometer_reading': 67900, 'jobs_by_bay': [0, 0, 1, 0, 0, 0], 'most_efficient_bay': 3, 'last_updated': '2025-02-18T00:36:36Z'}
2025-02-17 16:36:40,920 - basicLogger - INFO - periodic processing complete
2025-02-17 16:37:36,761 - basicLogger - INFO - Periodic processing started
2025-02-17 16:37:40,971 - basicLogger - INFO - new odometer readings received since last check: 0
2025-02-17 16:37:40,972 - basicLogger - INFO - new jobs completed since last check: 0
2025-02-17 16:37:40,972 - basicLogger - DEBUG - {'num_odometer_readings': 1, 'num_jobs_completed': 1, 'max_odometer_reading': 67900, 'jobs_by_bay': [0, 0, 1, 0, 0, 0], 'most_efficient_bay': 3, 'last_updated': '2025-02-18T00:37:36Z'}
2025-02-17 16:37:40,974 - basicLogger - INFO - periodic processing complete
2025-02-17 16:38:36,759 - basicLogger - INFO - Periodic processing started
2025-02-17 16:38:40,937 - basicLogger - INFO - new odometer readings received since last check: 0
2025-02-17 16:38:40,938 - basicLogger - INFO - new jobs completed since last check: 0
2025-02-17 16:38:40,945 - basicLogger - DEBUG - {'num_odometer_readings': 1, 'num_jobs_completed': 1, 'max_odometer_reading': 67900, 'jobs_by_bay': [0, 0, 1, 0, 0, 0], 'most_efficient_bay': 3, 'last_updated': '2025-02-18T00:38:36Z'}
2025-02-17 16:38:40,946 - basicLogger - INFO - periodic processing complete
2025-02-17 16:39:36,761 - basicLogger - INFO - Periodic processing started
2025-02-17 16:39:40,895 - basicLogger - INFO - new odometer readings received since last check: 0
2025-02-17 16:39:40,896 - basicLogger - INFO - new jobs completed since last check: 0
2025-02-17 16:39:40,896 - basicLogger - DEBUG - {'num_odometer_readings': 1, 'num_jobs_completed': 1, 'max_odometer_reading': 67900, 'jobs_by_bay': [0, 0, 1, 0, 0, 0], 'most_efficient_bay': 3, 'last_updated': '2025-02-18T00:39:36Z'}
2025-02-17 16:39:40,896 - basicLogger - INFO - periodic processing complete
2025-02-17 16:40:36,764 - basicLogger - INFO - Periodic processing started
2025-02-17 16:40:40,956 - basicLogger - INFO - new odometer readings received since last check: 0
2025-02-17 16:40:40,958 - basicLogger - INFO - new jobs completed since last check: 0
2025-02-17 16:40:40,959 - basicLogger - DEBUG - {'num_odometer_readings': 1, 'num_jobs_completed': 1, 'max_odometer_reading': 67900, 'jobs_by_bay': [0, 0, 1, 0, 0, 0], 'most_efficient_bay': 3, 'last_updated': '2025-02-18T00:40:36Z'}
2025-02-17 16:40:40,961 - basicLogger - INFO - periodic processing complete
2025-02-17 16:41:36,758 - basicLogger - INFO - Periodic processing started
2025-02-17 16:41:40,944 - basicLogger - INFO - new odometer readings received since last check: 0
2025-02-17 16:41:40,944 - basicLogger - INFO - new jobs completed since last check: 0
2025-02-17 16:41:40,946 - basicLogger - DEBUG - {'num_odometer_readings': 1, 'num_jobs_completed': 1, 'max_odometer_reading': 67900, 'jobs_by_bay': [0, 0, 1, 0, 0, 0], 'most_efficient_bay': 3, 'last_updated': '2025-02-18T00:41:36Z'}
2025-02-17 16:41:40,947 - basicLogger - INFO - periodic processing complete
2025-02-17 16:42:36,760 - basicLogger - INFO - Periodic processing started
2025-02-17 16:42:40,938 - basicLogger - INFO - new odometer readings received since last check: 0
2025-02-17 16:42:40,938 - basicLogger - INFO - new jobs completed since last check: 0
2025-02-17 16:42:40,941 - basicLogger - DEBUG - {'num_odometer_readings': 1, 'num_jobs_completed': 1, 'max_odometer_reading': 67900, 'jobs_by_bay': [0, 0, 1, 0, 0, 0], 'most_efficient_bay': 3, 'last_updated': '2025-02-18T00:42:36Z'}
2025-02-17 16:42:40,941 - basicLogger - INFO - periodic processing complete
2025-02-17 16:43:36,755 - basicLogger - INFO - Periodic processing started
2025-02-17 16:43:40,992 - basicLogger - INFO - new odometer readings received since last check: 0
2025-02-17 16:43:40,993 - basicLogger - INFO - new jobs completed since last check: 0
2025-02-17 16:43:40,994 - basicLogger - DEBUG - {'num_odometer_readings': 1, 'num_jobs_completed': 1, 'max_odometer_reading': 67900, 'jobs_by_bay': [0, 0, 1, 0, 0, 0], 'most_efficient_bay': 3, 'last_updated': '2025-02-18T00:43:36Z'}
2025-02-17 16:43:40,995 - basicLogger - INFO - periodic processing complete
2025-02-17 16:44:36,763 - basicLogger - INFO - Periodic processing started
2025-02-17 16:44:40,944 - basicLogger - INFO - new odometer readings received since last check: 59
2025-02-17 16:44:40,944 - basicLogger - INFO - new jobs completed since last check: 60
2025-02-17 16:44:40,947 - basicLogger - DEBUG - {'num_odometer_readings': 60, 'num_jobs_completed': 61, 'max_odometer_reading': 99530, 'jobs_by_bay': [8, 10, 17, 10, 8, 8], 'most_efficient_bay': 3, 'last_updated': '2025-02-18T00:44:36Z'}
2025-02-17 16:44:40,947 - basicLogger - INFO - periodic processing complete
2025-02-17 16:45:36,764 - basicLogger - INFO - Periodic processing started
2025-02-17 16:45:40,951 - basicLogger - INFO - new odometer readings received since last check: 0
2025-02-17 16:45:40,951 - basicLogger - INFO - new jobs completed since last check: 0
2025-02-17 16:45:40,952 - basicLogger - DEBUG - {'num_odometer_readings': 60, 'num_jobs_completed': 61, 'max_odometer_reading': 99530, 'jobs_by_bay': [8, 10, 17, 10, 8, 8], 'most_efficient_bay': 3, 'last_updated': '2025-02-18T00:45:36Z'}
2025-02-17 16:45:40,958 - basicLogger - INFO - periodic processing complete
2025-02-17 16:46:36,765 - basicLogger - INFO - Periodic processing started
2025-02-17 16:46:40,922 - basicLogger - INFO - new odometer readings received since last check: 0
2025-02-17 16:46:40,924 - basicLogger - INFO - new jobs completed since last check: 0
2025-02-17 16:46:40,926 - basicLogger - DEBUG - {'num_odometer_readings': 60, 'num_jobs_completed': 61, 'max_odometer_reading': 99530, 'jobs_by_bay': [8, 10, 17, 10, 8, 8], 'most_efficient_bay': 3, 'last_updated': '2025-02-18T00:46:36Z'}
2025-02-17 16:46:40,927 - basicLogger - INFO - periodic processing complete
2025-02-17 16:47:36,761 - basicLogger - INFO - Periodic processing started
2025-02-17 16:47:40,950 - basicLogger - INFO - new odometer readings received since last check: 0
2025-02-17 16:47:40,950 - basicLogger - INFO - new jobs completed since last check: 0
2025-02-17 16:47:40,952 - basicLogger - DEBUG - {'num_odometer_readings': 60, 'num_jobs_completed': 61, 'max_odometer_reading': 99530, 'jobs_by_bay': [8, 10, 17, 10, 8, 8], 'most_efficient_bay': 3, 'last_updated': '2025-02-18T00:47:36Z'}
2025-02-17 16:47:40,954 - basicLogger - INFO - periodic processing complete
2025-02-17 16:48:36,759 - basicLogger - INFO - Periodic processing started
2025-02-17 16:48:40,945 - basicLogger - INFO - new odometer readings received since last check: 60
2025-02-17 16:48:40,945 - basicLogger - INFO - new jobs completed since last check: 60
2025-02-17 16:48:40,945 - basicLogger - DEBUG - {'num_odometer_readings': 120, 'num_jobs_completed': 121, 'max_odometer_reading': 99530, 'jobs_by_bay': [17, 20, 27, 20, 19, 18], 'most_efficient_bay': 3, 'last_updated': '2025-02-18T00:48:36Z'}
2025-02-17 16:48:40,945 - basicLogger - INFO - periodic processing complete
