2025-01-28 11:05:45,006 - basicLogger - DEBUG - Stored event job with trace_id: 1738091142424351300
2025-01-28 11:05:50,004 - basicLogger - DEBUG - Stored event odometer with trace_id: 1738091147814157800
2025-01-28 11:15:24,206 - basicLogger - DEBUG - Stored event odometer with trace_id: 1738091722093028600
2025-01-28 11:15:24,221 - basicLogger - DEBUG - Stored event odometer with trace_id: 1738091722094029700
2025-01-28 11:15:24,368 - basicLogger - DEBUG - Stored event odometer with trace_id: 1738091722240391500
2025-01-28 11:15:24,472 - basicLogger - DEBUG - Stored event odometer with trace_id: 1738091722399797100
2025-01-28 11:15:24,693 - basicLogger - DEBUG - Stored event odometer with trace_id: 1738091722567618500
2025-01-28 11:15:24,843 - basicLogger - DEBUG - Stored event odometer with trace_id: 1738091722732192100
2025-01-28 11:15:26,339 - basicLogger - DEBUG - Stored event job with trace_id: 1738091724241476500
2025-01-28 11:15:26,397 - basicLogger - DEBUG - Stored event job with trace_id: 1738091724242481700
2025-01-28 11:15:26,458 - basicLogger - DEBUG - Stored event job with trace_id: 1738091724381496400
2025-01-28 11:15:26,567 - basicLogger - DEBUG - Stored event job with trace_id: 1738091724482799600
2025-01-28 11:15:26,770 - basicLogger - DEBUG - Stored event job with trace_id: 1738091724706692100
2025-01-28 11:15:26,951 - basicLogger - DEBUG - Stored event job with trace_id: 1738091724855606100
2025-01-28 11:15:28,461 - basicLogger - DEBUG - Stored event odometer with trace_id: 1738091726353650300
2025-01-28 11:15:28,493 - basicLogger - DEBUG - Stored event odometer with trace_id: 1738091726417258800
2025-01-28 11:15:28,537 - basicLogger - DEBUG - Stored event odometer with trace_id: 1738091726475775400
2025-01-28 11:15:28,659 - basicLogger - DEBUG - Stored event odometer with trace_id: 1738091726579104500
2025-01-28 11:15:28,858 - basicLogger - DEBUG - Stored event odometer with trace_id: 1738091726780984900
2025-01-28 11:15:29,033 - basicLogger - DEBUG - Stored event odometer with trace_id: 1738091726965137400
2025-01-28 11:15:30,571 - basicLogger - DEBUG - Stored event job with trace_id: 1738091728476430600
2025-01-28 11:15:30,618 - basicLogger - DEBUG - Stored event job with trace_id: 1738091728549646900
2025-01-28 11:15:30,622 - basicLogger - DEBUG - Stored event job with trace_id: 1738091728507432100
2025-01-28 11:15:30,750 - basicLogger - DEBUG - Stored event job with trace_id: 1738091728671870000
2025-01-28 11:15:30,966 - basicLogger - DEBUG - Stored event job with trace_id: 1738091728883270100
2025-01-28 11:15:31,123 - basicLogger - DEBUG - Stored event job with trace_id: 1738091729045520400
2025-01-28 11:15:32,686 - basicLogger - DEBUG - Stored event odometer with trace_id: 1738091730585360300
2025-01-28 11:15:32,705 - basicLogger - DEBUG - Stored event odometer with trace_id: 1738091730631605700
2025-01-28 11:15:32,721 - basicLogger - DEBUG - Stored event odometer with trace_id: 1738091730638770600
2025-01-28 11:15:32,829 - basicLogger - DEBUG - Stored event odometer with trace_id: 1738091730762295300
2025-01-28 11:15:33,052 - basicLogger - DEBUG - Stored event odometer with trace_id: 1738091730979029100
2025-01-28 11:15:33,215 - basicLogger - DEBUG - Stored event odometer with trace_id: 1738091731133605100
2025-01-28 11:15:34,787 - basicLogger - DEBUG - Stored event job with trace_id: 1738091732704457900
2025-01-28 11:15:34,824 - basicLogger - DEBUG - Stored event job with trace_id: 1738091732743092300
2025-01-28 11:15:34,833 - basicLogger - DEBUG - Stored event job with trace_id: 1738091732740092700
2025-01-28 11:15:34,911 - basicLogger - DEBUG - Stored event job with trace_id: 1738091732841621700
2025-01-28 11:15:35,147 - basicLogger - DEBUG - Stored event job with trace_id: 1738091733065439400
2025-01-28 11:15:35,293 - basicLogger - DEBUG - Stored event job with trace_id: 1738091733225428000
2025-01-28 11:15:36,869 - basicLogger - DEBUG - Stored event odometer with trace_id: 1738091734798405300
2025-01-28 11:15:36,918 - basicLogger - DEBUG - Stored event odometer with trace_id: 1738091734836191000
2025-01-28 11:15:36,935 - basicLogger - DEBUG - Stored event odometer with trace_id: 1738091734846553700
2025-01-28 11:15:37,012 - basicLogger - DEBUG - Stored event odometer with trace_id: 1738091734921157400
2025-01-28 11:15:37,257 - basicLogger - DEBUG - Stored event odometer with trace_id: 1738091735160593300
2025-01-28 11:15:37,381 - basicLogger - DEBUG - Stored event odometer with trace_id: 1738091735306319800
2025-01-28 11:15:38,952 - basicLogger - DEBUG - Stored event job with trace_id: 1738091736881283300
2025-01-28 11:15:39,033 - basicLogger - DEBUG - Stored event job with trace_id: 1738091736934285900
2025-01-28 11:15:39,042 - basicLogger - DEBUG - Stored event job with trace_id: 1738091736948919800
2025-01-28 11:15:39,101 - basicLogger - DEBUG - Stored event job with trace_id: 1738091737024099000
2025-01-28 11:15:39,358 - basicLogger - DEBUG - Stored event job with trace_id: 1738091737270588700
2025-01-28 11:15:39,499 - basicLogger - DEBUG - Stored event job with trace_id: 1738091737392802600
2025-01-28 11:15:41,060 - basicLogger - DEBUG - Stored event odometer with trace_id: 1738091738963428600
2025-01-28 11:15:41,123 - basicLogger - DEBUG - Stored event odometer with trace_id: 1738091739046642600
2025-01-28 11:15:41,138 - basicLogger - DEBUG - Stored event odometer with trace_id: 1738091739056387900
2025-01-28 11:15:41,182 - basicLogger - DEBUG - Stored event odometer with trace_id: 1738091739113272700
2025-01-28 11:15:41,462 - basicLogger - DEBUG - Stored event odometer with trace_id: 1738091739372164600
2025-01-28 11:15:41,615 - basicLogger - DEBUG - Stored event odometer with trace_id: 1738091739512617900
2025-01-28 11:15:43,159 - basicLogger - DEBUG - Stored event job with trace_id: 1738091741074370000
2025-01-28 11:15:43,205 - basicLogger - DEBUG - Stored event job with trace_id: 1738091741140197300
2025-01-28 11:15:43,270 - basicLogger - DEBUG - Stored event job with trace_id: 1738091741153295600
2025-01-28 11:15:43,277 - basicLogger - DEBUG - Stored event job with trace_id: 1738091741207240900
2025-01-28 11:15:43,559 - basicLogger - DEBUG - Stored event job with trace_id: 1738091741478047900
2025-01-28 11:15:43,709 - basicLogger - DEBUG - Stored event job with trace_id: 1738091741628784100
2025-01-28 11:15:45,254 - basicLogger - DEBUG - Stored event odometer with trace_id: 1738091743173516200
2025-01-28 11:15:45,297 - basicLogger - DEBUG - Stored event odometer with trace_id: 1738091743219328600
2025-01-28 11:15:45,362 - basicLogger - DEBUG - Stored event odometer with trace_id: 1738091743285277400
2025-01-28 11:15:45,381 - basicLogger - DEBUG - Stored event odometer with trace_id: 1738091743295796800
2025-01-28 11:15:45,656 - basicLogger - DEBUG - Stored event odometer with trace_id: 1738091743575638500
2025-01-28 11:15:45,809 - basicLogger - DEBUG - Stored event odometer with trace_id: 1738091743722068700
2025-01-28 11:15:47,359 - basicLogger - DEBUG - Stored event job with trace_id: 1738091745267891400
2025-01-28 11:15:47,392 - basicLogger - DEBUG - Stored event job with trace_id: 1738091745312050300
2025-01-28 11:15:47,456 - basicLogger - DEBUG - Stored event job with trace_id: 1738091745380099700
2025-01-28 11:15:47,474 - basicLogger - DEBUG - Stored event job with trace_id: 1738091745396041700
2025-01-28 11:15:47,751 - basicLogger - DEBUG - Stored event job with trace_id: 1738091745670971000
2025-01-28 11:15:47,907 - basicLogger - DEBUG - Stored event job with trace_id: 1738091745820839800
2025-01-28 11:15:49,469 - basicLogger - DEBUG - Stored event odometer with trace_id: 1738091747375952700
2025-01-28 11:15:49,505 - basicLogger - DEBUG - Stored event odometer with trace_id: 1738091747405443700
2025-01-28 11:15:49,555 - basicLogger - DEBUG - Stored event odometer with trace_id: 1738091747469874900
2025-01-28 11:15:49,585 - basicLogger - DEBUG - Stored event odometer with trace_id: 1738091747503505900
2025-01-28 11:15:49,859 - basicLogger - DEBUG - Stored event odometer with trace_id: 1738091747761972700
2025-01-28 11:15:50,018 - basicLogger - DEBUG - Stored event odometer with trace_id: 1738091747918388400
2025-01-28 11:15:51,580 - basicLogger - DEBUG - Stored event job with trace_id: 1738091749483313700
2025-01-28 11:15:51,614 - basicLogger - DEBUG - Stored event job with trace_id: 1738091749521956700
2025-01-28 11:15:51,655 - basicLogger - DEBUG - Stored event job with trace_id: 1738091749569904100
2025-01-28 11:15:51,674 - basicLogger - DEBUG - Stored event job with trace_id: 1738091749597620500
2025-01-28 11:15:51,966 - basicLogger - DEBUG - Stored event job with trace_id: 1738091749871483600
2025-01-28 11:15:52,130 - basicLogger - DEBUG - Stored event job with trace_id: 1738091750032089600
2025-01-28 11:15:53,689 - basicLogger - DEBUG - Stored event odometer with trace_id: 1738091751595219000
2025-01-28 11:15:53,719 - basicLogger - DEBUG - Stored event odometer with trace_id: 1738091751628255400
2025-01-28 11:15:53,799 - basicLogger - DEBUG - Stored event odometer with trace_id: 1738091751696904500
2025-01-28 11:15:53,804 - basicLogger - DEBUG - Stored event odometer with trace_id: 1738091751695887700
2025-01-28 11:15:54,060 - basicLogger - DEBUG - Stored event odometer with trace_id: 1738091751982043300
2025-01-28 11:15:54,244 - basicLogger - DEBUG - Stored event odometer with trace_id: 1738091752143324600
2025-01-28 11:15:55,795 - basicLogger - DEBUG - Stored event job with trace_id: 1738091753702187300
2025-01-28 11:15:55,825 - basicLogger - DEBUG - Stored event job with trace_id: 1738091753741268800
2025-01-28 11:15:55,885 - basicLogger - DEBUG - Stored event job with trace_id: 1738091753812240000
2025-01-28 11:15:55,903 - basicLogger - DEBUG - Stored event job with trace_id: 1738091753819236300
2025-01-28 11:15:56,163 - basicLogger - DEBUG - Stored event job with trace_id: 1738091754072835600
2025-01-28 11:15:56,333 - basicLogger - DEBUG - Stored event job with trace_id: 1738091754256992300
2025-01-28 11:15:57,918 - basicLogger - DEBUG - Stored event odometer with trace_id: 1738091755807142100
2025-01-28 11:15:57,920 - basicLogger - DEBUG - Stored event odometer with trace_id: 1738091755836781400
2025-01-28 11:15:57,993 - basicLogger - DEBUG - Stored event odometer with trace_id: 1738091755898044800
2025-01-28 11:15:57,997 - basicLogger - DEBUG - Stored event odometer with trace_id: 1738091755915185300
2025-01-28 11:15:58,275 - basicLogger - DEBUG - Stored event odometer with trace_id: 1738091756175722300
2025-01-28 11:15:58,412 - basicLogger - DEBUG - Stored event odometer with trace_id: 1738091756346437000
2025-01-28 11:16:00,017 - basicLogger - DEBUG - Stored event job with trace_id: 1738091757939612600
2025-01-28 11:16:00,023 - basicLogger - DEBUG - Stored event job with trace_id: 1738091757935060000
2025-01-28 11:16:00,099 - basicLogger - DEBUG - Stored event job with trace_id: 1738091758015463500
2025-01-28 11:16:00,114 - basicLogger - DEBUG - Stored event job with trace_id: 1738091758011572600
2025-01-28 11:16:00,357 - basicLogger - DEBUG - Stored event job with trace_id: 1738091758288730900
2025-01-28 11:16:00,490 - basicLogger - DEBUG - Stored event job with trace_id: 1738091758422548400
2025-01-28 11:16:02,140 - basicLogger - DEBUG - Stored event odometer with trace_id: 1738091760030302400
2025-01-28 11:16:02,156 - basicLogger - DEBUG - Stored event odometer with trace_id: 1738091760038825600
2025-01-28 11:16:02,209 - basicLogger - DEBUG - Stored event odometer with trace_id: 1738091760132552600
2025-01-28 11:16:02,223 - basicLogger - DEBUG - Stored event odometer with trace_id: 1738091760116516100
2025-01-28 11:16:02,462 - basicLogger - DEBUG - Stored event odometer with trace_id: 1738091760379173400
2025-01-28 11:16:02,572 - basicLogger - DEBUG - Stored event odometer with trace_id: 1738091760500806500
2025-01-28 11:16:04,245 - basicLogger - DEBUG - Stored event job with trace_id: 1738091762157215100
2025-01-28 11:16:04,249 - basicLogger - DEBUG - Stored event job with trace_id: 1738091762169742100
2025-01-28 11:16:04,346 - basicLogger - DEBUG - Stored event job with trace_id: 1738091762224967800
2025-01-28 11:16:04,351 - basicLogger - DEBUG - Stored event job with trace_id: 1738091762238944000
2025-01-28 11:16:04,581 - basicLogger - DEBUG - Stored event job with trace_id: 1738091762474078000
2025-01-28 11:16:04,685 - basicLogger - DEBUG - Stored event job with trace_id: 1738091762590944500
2025-02-04 12:38:20,953 - basicLogger - DEBUG - Stored event odometer with trace_id: 1738701498870212800
2025-02-04 12:38:32,926 - basicLogger - DEBUG - Stored event job with trace_id: 1738701510851299200
2025-02-04 22:10:58,675 - basicLogger - DEBUG - Stored event odometer with trace_id: 1738735856501762700
2025-02-04 22:11:25,364 - basicLogger - DEBUG - Stored event job with trace_id: 1738735883281754800
2025-02-04 22:28:29,667 - basicLogger - DEBUG - Stored event job with trace_id: 1738736907504148400
2025-02-04 22:28:35,977 - basicLogger - DEBUG - Stored event odometer with trace_id: 1738736913896482600
2025-02-04 22:59:53,191 - basicLogger - INFO - Found 3 odometer reports (start: 2024-02-04T15:30:00Z, end: 2025-02-05T15:30:00Z)
2025-02-04 23:01:21,933 - basicLogger - INFO - SELECT odometer_reports.id, odometer_reports."VIN", odometer_reports.owner_id, odometer_reports.odometer, odometer_reports.time_stamp, odometer_reports.date_created, odometer_reports.trace_id 
FROM odometer_reports 
WHERE odometer_reports.date_created >= :date_created_1 AND odometer_reports.date_created < :date_created_2
2025-02-04 23:01:21,936 - basicLogger - INFO - Found 3 odometer reports (start: 2024-02-04T15:30:00Z, end: 2025-02-05T15:30:00Z)
2025-02-04 23:02:43,250 - basicLogger - INFO - [{'id': '223119e2ef8c41d3b3ca02aa', 'VIN': '18cn4729dn4', 'owner_id': 'wfnf823e', 'odometer': 82300, 'timestamp': datetime.datetime(2025, 1, 8, 10, 34, 9), 'date_created': datetime.datetime(2025, 2, 4, 20, 38, 20), 'trace_id': 1738701498870212800}, {'id': '6d7049eea0c348658fb01a47', 'VIN': '18cn4729dn4', 'owner_id': 'wfnf823e', 'odometer': 82300, 'timestamp': datetime.datetime(2025, 1, 8, 10, 34, 9), 'date_created': datetime.datetime(2025, 2, 5, 6, 10, 58), 'trace_id': 1738735856501762700}, {'id': 'a5dad1dd821e47e889dbcd30', 'VIN': '18cn4729dn4', 'owner_id': 'wfnf823e', 'odometer': 82300, 'timestamp': datetime.datetime(2025, 1, 8, 10, 34, 9), 'date_created': datetime.datetime(2025, 2, 5, 6, 28, 35), 'trace_id': 1738736913896482600}]
2025-02-04 23:02:43,252 - basicLogger - INFO - Found 3 odometer reports (start: 2024-02-04T15:30:00Z, end: 2025-02-05T15:30:00Z)
2025-02-04 23:07:11,033 - basicLogger - INFO - [{'id': '223119e2ef8c41d3b3ca02aa', 'VIN': '18cn4729dn4', 'owner_id': 'wfnf823e', 'odometer': 82300, 'timestamp': '2025-01-08 10:34:09', 'date_created': datetime.datetime(2025, 2, 4, 20, 38, 20), 'trace_id': 1738701498870212800}, {'id': '6d7049eea0c348658fb01a47', 'VIN': '18cn4729dn4', 'owner_id': 'wfnf823e', 'odometer': 82300, 'timestamp': '2025-01-08 10:34:09', 'date_created': datetime.datetime(2025, 2, 5, 6, 10, 58), 'trace_id': 1738735856501762700}, {'id': 'a5dad1dd821e47e889dbcd30', 'VIN': '18cn4729dn4', 'owner_id': 'wfnf823e', 'odometer': 82300, 'timestamp': '2025-01-08 10:34:09', 'date_created': datetime.datetime(2025, 2, 5, 6, 28, 35), 'trace_id': 1738736913896482600}]
2025-02-04 23:07:11,035 - basicLogger - INFO - Found 3 odometer reports (start: 2024-02-04T15:30:00Z, end: 2025-02-05T15:30:00Z)
2025-02-04 23:07:59,161 - basicLogger - INFO - [{'id': '223119e2ef8c41d3b3ca02aa', 'VIN': '18cn4729dn4', 'owner_id': 'wfnf823e', 'odometer': 82300, 'time_stamp': '2025-01-08 10:34:09', 'date_created': datetime.datetime(2025, 2, 4, 20, 38, 20), 'trace_id': 1738701498870212800}, {'id': '6d7049eea0c348658fb01a47', 'VIN': '18cn4729dn4', 'owner_id': 'wfnf823e', 'odometer': 82300, 'time_stamp': '2025-01-08 10:34:09', 'date_created': datetime.datetime(2025, 2, 5, 6, 10, 58), 'trace_id': 1738735856501762700}, {'id': 'a5dad1dd821e47e889dbcd30', 'VIN': '18cn4729dn4', 'owner_id': 'wfnf823e', 'odometer': 82300, 'time_stamp': '2025-01-08 10:34:09', 'date_created': datetime.datetime(2025, 2, 5, 6, 28, 35), 'trace_id': 1738736913896482600}]
2025-02-04 23:07:59,164 - basicLogger - INFO - Found 3 odometer reports (start: 2024-02-04T15:30:00Z, end: 2025-02-05T15:30:00Z)
