2025-01-28 11:05:42,424 - basicLogger - INFO - Received event job with a trace id of 1738091142424351300
2025-01-28 11:05:45,025 - basicLogger - INFO - Response for event job (id: 1738091142424351300) has status 201
2025-01-28 11:05:47,814 - basicLogger - INFO - Received event odometer with a trace id of 1738091147814157800
2025-01-28 11:05:50,014 - basicLogger - INFO - Response for event odometer (id: 1738091147814157800) has status 201
2025-01-28 11:15:22,093 - basicLogger - INFO - Received event odometer with a trace id of 1738091722093028600
2025-01-28 11:15:22,094 - basicLogger - INFO - Received event odometer with a trace id of 1738091722094029700
2025-01-28 11:15:22,240 - basicLogger - INFO - Received event odometer with a trace id of 1738091722240391500
2025-01-28 11:15:22,399 - basicLogger - INFO - Received event odometer with a trace id of 1738091722399797100
2025-01-28 11:15:22,567 - basicLogger - INFO - Received event odometer with a trace id of 1738091722567618500
2025-01-28 11:15:22,732 - basicLogger - INFO - Received event odometer with a trace id of 1738091722732192100
2025-01-28 11:15:24,213 - basicLogger - INFO - Response for event odometer (id: 1738091722093028600) has status 201
2025-01-28 11:15:24,229 - basicLogger - INFO - Response for event odometer (id: 1738091722094029700) has status 201
2025-01-28 11:15:24,241 - basicLogger - INFO - Received event job with a trace id of 1738091724241476500
2025-01-28 11:15:24,242 - basicLogger - INFO - Received event job with a trace id of 1738091724242481700
2025-01-28 11:15:24,374 - basicLogger - INFO - Response for event odometer (id: 1738091722240391500) has status 201
2025-01-28 11:15:24,381 - basicLogger - INFO - Received event job with a trace id of 1738091724381496400
2025-01-28 11:15:24,477 - basicLogger - INFO - Response for event odometer (id: 1738091722399797100) has status 201
2025-01-28 11:15:24,482 - basicLogger - INFO - Received event job with a trace id of 1738091724482799600
2025-01-28 11:15:24,701 - basicLogger - INFO - Response for event odometer (id: 1738091722567618500) has status 201
2025-01-28 11:15:24,706 - basicLogger - INFO - Received event job with a trace id of 1738091724706692100
2025-01-28 11:15:24,849 - basicLogger - INFO - Response for event odometer (id: 1738091722732192100) has status 201
2025-01-28 11:15:24,855 - basicLogger - INFO - Received event job with a trace id of 1738091724855606100
2025-01-28 11:15:26,346 - basicLogger - INFO - Response for event job (id: 1738091724241476500) has status 201
2025-01-28 11:15:26,353 - basicLogger - INFO - Received event odometer with a trace id of 1738091726353650300
2025-01-28 11:15:26,409 - basicLogger - INFO - Response for event job (id: 1738091724242481700) has status 201
2025-01-28 11:15:26,417 - basicLogger - INFO - Received event odometer with a trace id of 1738091726417258800
2025-01-28 11:15:26,470 - basicLogger - INFO - Response for event job (id: 1738091724381496400) has status 201
2025-01-28 11:15:26,475 - basicLogger - INFO - Received event odometer with a trace id of 1738091726475775400
2025-01-28 11:15:26,573 - basicLogger - INFO - Response for event job (id: 1738091724482799600) has status 201
2025-01-28 11:15:26,579 - basicLogger - INFO - Received event odometer with a trace id of 1738091726579104500
2025-01-28 11:15:26,775 - basicLogger - INFO - Response for event job (id: 1738091724706692100) has status 201
2025-01-28 11:15:26,780 - basicLogger - INFO - Received event odometer with a trace id of 1738091726780984900
2025-01-28 11:15:26,959 - basicLogger - INFO - Response for event job (id: 1738091724855606100) has status 201
2025-01-28 11:15:26,965 - basicLogger - INFO - Received event odometer with a trace id of 1738091726965137400
2025-01-28 11:15:28,469 - basicLogger - INFO - Response for event odometer (id: 1738091726353650300) has status 201
2025-01-28 11:15:28,476 - basicLogger - INFO - Received event job with a trace id of 1738091728476430600
2025-01-28 11:15:28,500 - basicLogger - INFO - Response for event odometer (id: 1738091726417258800) has status 201
2025-01-28 11:15:28,507 - basicLogger - INFO - Received event job with a trace id of 1738091728507432100
2025-01-28 11:15:28,544 - basicLogger - INFO - Response for event odometer (id: 1738091726475775400) has status 201
2025-01-28 11:15:28,549 - basicLogger - INFO - Received event job with a trace id of 1738091728549646900
2025-01-28 11:15:28,665 - basicLogger - INFO - Response for event odometer (id: 1738091726579104500) has status 201
2025-01-28 11:15:28,671 - basicLogger - INFO - Received event job with a trace id of 1738091728671870000
2025-01-28 11:15:28,877 - basicLogger - INFO - Response for event odometer (id: 1738091726780984900) has status 201
2025-01-28 11:15:28,883 - basicLogger - INFO - Received event job with a trace id of 1738091728883270100
2025-01-28 11:15:29,039 - basicLogger - INFO - Response for event odometer (id: 1738091726965137400) has status 201
2025-01-28 11:15:29,045 - basicLogger - INFO - Received event job with a trace id of 1738091729045520400
2025-01-28 11:15:30,578 - basicLogger - INFO - Response for event job (id: 1738091728476430600) has status 201
2025-01-28 11:15:30,585 - basicLogger - INFO - Received event odometer with a trace id of 1738091730585360300
2025-01-28 11:15:30,624 - basicLogger - INFO - Response for event job (id: 1738091728549646900) has status 201
2025-01-28 11:15:30,631 - basicLogger - INFO - Response for event job (id: 1738091728507432100) has status 201
2025-01-28 11:15:30,631 - basicLogger - INFO - Received event odometer with a trace id of 1738091730631605700
2025-01-28 11:15:30,638 - basicLogger - INFO - Received event odometer with a trace id of 1738091730638770600
2025-01-28 11:15:30,756 - basicLogger - INFO - Response for event job (id: 1738091728671870000) has status 201
2025-01-28 11:15:30,762 - basicLogger - INFO - Received event odometer with a trace id of 1738091730762295300
2025-01-28 11:15:30,973 - basicLogger - INFO - Response for event job (id: 1738091728883270100) has status 201
2025-01-28 11:15:30,979 - basicLogger - INFO - Received event odometer with a trace id of 1738091730979029100
2025-01-28 11:15:31,128 - basicLogger - INFO - Response for event job (id: 1738091729045520400) has status 201
2025-01-28 11:15:31,133 - basicLogger - INFO - Received event odometer with a trace id of 1738091731133605100
2025-01-28 11:15:32,696 - basicLogger - INFO - Response for event odometer (id: 1738091730585360300) has status 201
2025-01-28 11:15:32,704 - basicLogger - INFO - Received event job with a trace id of 1738091732704457900
2025-01-28 11:15:32,731 - basicLogger - INFO - Response for event odometer (id: 1738091730631605700) has status 201
2025-01-28 11:15:32,733 - basicLogger - INFO - Response for event odometer (id: 1738091730638770600) has status 201
2025-01-28 11:15:32,740 - basicLogger - INFO - Received event job with a trace id of 1738091732740092700
2025-01-28 11:15:32,743 - basicLogger - INFO - Received event job with a trace id of 1738091732743092300
2025-01-28 11:15:32,834 - basicLogger - INFO - Response for event odometer (id: 1738091730762295300) has status 201
2025-01-28 11:15:32,841 - basicLogger - INFO - Received event job with a trace id of 1738091732841621700
2025-01-28 11:15:33,059 - basicLogger - INFO - Response for event odometer (id: 1738091730979029100) has status 201
2025-01-28 11:15:33,065 - basicLogger - INFO - Received event job with a trace id of 1738091733065439400
2025-01-28 11:15:33,220 - basicLogger - INFO - Response for event odometer (id: 1738091731133605100) has status 201
2025-01-28 11:15:33,225 - basicLogger - INFO - Received event job with a trace id of 1738091733225428000
2025-01-28 11:15:34,792 - basicLogger - INFO - Response for event job (id: 1738091732704457900) has status 201
2025-01-28 11:15:34,798 - basicLogger - INFO - Received event odometer with a trace id of 1738091734798405300
2025-01-28 11:15:34,829 - basicLogger - INFO - Response for event job (id: 1738091732743092300) has status 201
2025-01-28 11:15:34,836 - basicLogger - INFO - Received event odometer with a trace id of 1738091734836191000
2025-01-28 11:15:34,841 - basicLogger - INFO - Response for event job (id: 1738091732740092700) has status 201
2025-01-28 11:15:34,846 - basicLogger - INFO - Received event odometer with a trace id of 1738091734846553700
2025-01-28 11:15:34,916 - basicLogger - INFO - Response for event job (id: 1738091732841621700) has status 201
2025-01-28 11:15:34,921 - basicLogger - INFO - Received event odometer with a trace id of 1738091734921157400
2025-01-28 11:15:35,155 - basicLogger - INFO - Response for event job (id: 1738091733065439400) has status 201
2025-01-28 11:15:35,160 - basicLogger - INFO - Received event odometer with a trace id of 1738091735160593300
2025-01-28 11:15:35,300 - basicLogger - INFO - Response for event job (id: 1738091733225428000) has status 201
2025-01-28 11:15:35,306 - basicLogger - INFO - Received event odometer with a trace id of 1738091735306319800
2025-01-28 11:15:36,876 - basicLogger - INFO - Response for event odometer (id: 1738091734798405300) has status 201
2025-01-28 11:15:36,881 - basicLogger - INFO - Received event job with a trace id of 1738091736881283300
2025-01-28 11:15:36,927 - basicLogger - INFO - Response for event odometer (id: 1738091734836191000) has status 201
2025-01-28 11:15:36,934 - basicLogger - INFO - Received event job with a trace id of 1738091736934285900
2025-01-28 11:15:36,941 - basicLogger - INFO - Response for event odometer (id: 1738091734846553700) has status 201
2025-01-28 11:15:36,948 - basicLogger - INFO - Received event job with a trace id of 1738091736948919800
2025-01-28 11:15:37,018 - basicLogger - INFO - Response for event odometer (id: 1738091734921157400) has status 201
2025-01-28 11:15:37,024 - basicLogger - INFO - Received event job with a trace id of 1738091737024099000
2025-01-28 11:15:37,263 - basicLogger - INFO - Response for event odometer (id: 1738091735160593300) has status 201
2025-01-28 11:15:37,270 - basicLogger - INFO - Received event job with a trace id of 1738091737270588700
2025-01-28 11:15:37,386 - basicLogger - INFO - Response for event odometer (id: 1738091735306319800) has status 201
2025-01-28 11:15:37,392 - basicLogger - INFO - Received event job with a trace id of 1738091737392802600
2025-01-28 11:15:38,958 - basicLogger - INFO - Response for event job (id: 1738091736881283300) has status 201
2025-01-28 11:15:38,963 - basicLogger - INFO - Received event odometer with a trace id of 1738091738963428600
2025-01-28 11:15:39,039 - basicLogger - INFO - Response for event job (id: 1738091736934285900) has status 201
2025-01-28 11:15:39,046 - basicLogger - INFO - Received event odometer with a trace id of 1738091739046642600
2025-01-28 11:15:39,049 - basicLogger - INFO - Response for event job (id: 1738091736948919800) has status 201
2025-01-28 11:15:39,056 - basicLogger - INFO - Received event odometer with a trace id of 1738091739056387900
2025-01-28 11:15:39,107 - basicLogger - INFO - Response for event job (id: 1738091737024099000) has status 201
2025-01-28 11:15:39,113 - basicLogger - INFO - Received event odometer with a trace id of 1738091739113272700
2025-01-28 11:15:39,365 - basicLogger - INFO - Response for event job (id: 1738091737270588700) has status 201
2025-01-28 11:15:39,372 - basicLogger - INFO - Received event odometer with a trace id of 1738091739372164600
2025-01-28 11:15:39,506 - basicLogger - INFO - Response for event job (id: 1738091737392802600) has status 201
2025-01-28 11:15:39,512 - basicLogger - INFO - Received event odometer with a trace id of 1738091739512617900
2025-01-28 11:15:41,067 - basicLogger - INFO - Response for event odometer (id: 1738091738963428600) has status 201
2025-01-28 11:15:41,074 - basicLogger - INFO - Received event job with a trace id of 1738091741074370000
2025-01-28 11:15:41,132 - basicLogger - INFO - Response for event odometer (id: 1738091739046642600) has status 201
2025-01-28 11:15:41,140 - basicLogger - INFO - Received event job with a trace id of 1738091741140197300
2025-01-28 11:15:41,146 - basicLogger - INFO - Response for event odometer (id: 1738091739056387900) has status 201
2025-01-28 11:15:41,153 - basicLogger - INFO - Received event job with a trace id of 1738091741153295600
2025-01-28 11:15:41,202 - basicLogger - INFO - Response for event odometer (id: 1738091739113272700) has status 201
2025-01-28 11:15:41,207 - basicLogger - INFO - Received event job with a trace id of 1738091741207240900
2025-01-28 11:15:41,472 - basicLogger - INFO - Response for event odometer (id: 1738091739372164600) has status 201
2025-01-28 11:15:41,478 - basicLogger - INFO - Received event job with a trace id of 1738091741478047900
2025-01-28 11:15:41,622 - basicLogger - INFO - Response for event odometer (id: 1738091739512617900) has status 201
2025-01-28 11:15:41,628 - basicLogger - INFO - Received event job with a trace id of 1738091741628784100
2025-01-28 11:15:43,167 - basicLogger - INFO - Response for event job (id: 1738091741074370000) has status 201
2025-01-28 11:15:43,173 - basicLogger - INFO - Received event odometer with a trace id of 1738091743173516200
2025-01-28 11:15:43,213 - basicLogger - INFO - Response for event job (id: 1738091741140197300) has status 201
2025-01-28 11:15:43,219 - basicLogger - INFO - Received event odometer with a trace id of 1738091743219328600
2025-01-28 11:15:43,277 - basicLogger - INFO - Response for event job (id: 1738091741153295600) has status 201
2025-01-28 11:15:43,285 - basicLogger - INFO - Received event odometer with a trace id of 1738091743285277400
2025-01-28 11:15:43,289 - basicLogger - INFO - Response for event job (id: 1738091741207240900) has status 201
2025-01-28 11:15:43,295 - basicLogger - INFO - Received event odometer with a trace id of 1738091743295796800
2025-01-28 11:15:43,567 - basicLogger - INFO - Response for event job (id: 1738091741478047900) has status 201
2025-01-28 11:15:43,575 - basicLogger - INFO - Received event odometer with a trace id of 1738091743575638500
2025-01-28 11:15:43,716 - basicLogger - INFO - Response for event job (id: 1738091741628784100) has status 201
2025-01-28 11:15:43,722 - basicLogger - INFO - Received event odometer with a trace id of 1738091743722068700
2025-01-28 11:15:45,261 - basicLogger - INFO - Response for event odometer (id: 1738091743173516200) has status 201
2025-01-28 11:15:45,267 - basicLogger - INFO - Received event job with a trace id of 1738091745267891400
2025-01-28 11:15:45,305 - basicLogger - INFO - Response for event odometer (id: 1738091743219328600) has status 201
2025-01-28 11:15:45,312 - basicLogger - INFO - Received event job with a trace id of 1738091745312050300
2025-01-28 11:15:45,372 - basicLogger - INFO - Response for event odometer (id: 1738091743285277400) has status 201
2025-01-28 11:15:45,380 - basicLogger - INFO - Received event job with a trace id of 1738091745380099700
2025-01-28 11:15:45,389 - basicLogger - INFO - Response for event odometer (id: 1738091743295796800) has status 201
2025-01-28 11:15:45,396 - basicLogger - INFO - Received event job with a trace id of 1738091745396041700
2025-01-28 11:15:45,663 - basicLogger - INFO - Response for event odometer (id: 1738091743575638500) has status 201
2025-01-28 11:15:45,670 - basicLogger - INFO - Received event job with a trace id of 1738091745670971000
2025-01-28 11:15:45,814 - basicLogger - INFO - Response for event odometer (id: 1738091743722068700) has status 201
2025-01-28 11:15:45,820 - basicLogger - INFO - Received event job with a trace id of 1738091745820839800
2025-01-28 11:15:47,367 - basicLogger - INFO - Response for event job (id: 1738091745267891400) has status 201
2025-01-28 11:15:47,375 - basicLogger - INFO - Received event odometer with a trace id of 1738091747375952700
2025-01-28 11:15:47,397 - basicLogger - INFO - Response for event job (id: 1738091745312050300) has status 201
2025-01-28 11:15:47,405 - basicLogger - INFO - Received event odometer with a trace id of 1738091747405443700
2025-01-28 11:15:47,463 - basicLogger - INFO - Response for event job (id: 1738091745380099700) has status 201
2025-01-28 11:15:47,469 - basicLogger - INFO - Received event odometer with a trace id of 1738091747469874900
2025-01-28 11:15:47,496 - basicLogger - INFO - Response for event job (id: 1738091745396041700) has status 201
2025-01-28 11:15:47,503 - basicLogger - INFO - Received event odometer with a trace id of 1738091747503505900
2025-01-28 11:15:47,756 - basicLogger - INFO - Response for event job (id: 1738091745670971000) has status 201
2025-01-28 11:15:47,761 - basicLogger - INFO - Received event odometer with a trace id of 1738091747761972700
2025-01-28 11:15:47,913 - basicLogger - INFO - Response for event job (id: 1738091745820839800) has status 201
2025-01-28 11:15:47,918 - basicLogger - INFO - Received event odometer with a trace id of 1738091747918388400
2025-01-28 11:15:49,477 - basicLogger - INFO - Response for event odometer (id: 1738091747375952700) has status 201
2025-01-28 11:15:49,484 - basicLogger - INFO - Received event job with a trace id of 1738091749483313700
2025-01-28 11:15:49,515 - basicLogger - INFO - Response for event odometer (id: 1738091747405443700) has status 201
2025-01-28 11:15:49,521 - basicLogger - INFO - Received event job with a trace id of 1738091749521956700
2025-01-28 11:15:49,561 - basicLogger - INFO - Response for event odometer (id: 1738091747469874900) has status 201
2025-01-28 11:15:49,569 - basicLogger - INFO - Received event job with a trace id of 1738091749569904100
2025-01-28 11:15:49,591 - basicLogger - INFO - Response for event odometer (id: 1738091747503505900) has status 201
2025-01-28 11:15:49,597 - basicLogger - INFO - Received event job with a trace id of 1738091749597620500
2025-01-28 11:15:49,865 - basicLogger - INFO - Response for event odometer (id: 1738091747761972700) has status 201
2025-01-28 11:15:49,871 - basicLogger - INFO - Received event job with a trace id of 1738091749871483600
2025-01-28 11:15:50,026 - basicLogger - INFO - Response for event odometer (id: 1738091747918388400) has status 201
2025-01-28 11:15:50,032 - basicLogger - INFO - Received event job with a trace id of 1738091750032089600
2025-01-28 11:15:51,587 - basicLogger - INFO - Response for event job (id: 1738091749483313700) has status 201
2025-01-28 11:15:51,595 - basicLogger - INFO - Received event odometer with a trace id of 1738091751595219000
2025-01-28 11:15:51,621 - basicLogger - INFO - Response for event job (id: 1738091749521956700) has status 201
2025-01-28 11:15:51,628 - basicLogger - INFO - Received event odometer with a trace id of 1738091751628255400
2025-01-28 11:15:51,666 - basicLogger - INFO - Response for event job (id: 1738091749569904100) has status 201
2025-01-28 11:15:51,682 - basicLogger - INFO - Response for event job (id: 1738091749597620500) has status 201
2025-01-28 11:15:51,695 - basicLogger - INFO - Received event odometer with a trace id of 1738091751695887700
2025-01-28 11:15:51,696 - basicLogger - INFO - Received event odometer with a trace id of 1738091751696904500
2025-01-28 11:15:51,975 - basicLogger - INFO - Response for event job (id: 1738091749871483600) has status 201
2025-01-28 11:15:51,982 - basicLogger - INFO - Received event odometer with a trace id of 1738091751982043300
2025-01-28 11:15:52,137 - basicLogger - INFO - Response for event job (id: 1738091750032089600) has status 201
2025-01-28 11:15:52,143 - basicLogger - INFO - Received event odometer with a trace id of 1738091752143324600
2025-01-28 11:15:53,695 - basicLogger - INFO - Response for event odometer (id: 1738091751595219000) has status 201
2025-01-28 11:15:53,702 - basicLogger - INFO - Received event job with a trace id of 1738091753702187300
2025-01-28 11:15:53,725 - basicLogger - INFO - Response for event odometer (id: 1738091751628255400) has status 201
2025-01-28 11:15:53,741 - basicLogger - INFO - Received event job with a trace id of 1738091753741268800
2025-01-28 11:15:53,805 - basicLogger - INFO - Response for event odometer (id: 1738091751696904500) has status 201
2025-01-28 11:15:53,812 - basicLogger - INFO - Received event job with a trace id of 1738091753812240000
2025-01-28 11:15:53,813 - basicLogger - INFO - Response for event odometer (id: 1738091751695887700) has status 201
2025-01-28 11:15:53,819 - basicLogger - INFO - Received event job with a trace id of 1738091753819236300
2025-01-28 11:15:54,066 - basicLogger - INFO - Response for event odometer (id: 1738091751982043300) has status 201
2025-01-28 11:15:54,072 - basicLogger - INFO - Received event job with a trace id of 1738091754072835600
2025-01-28 11:15:54,251 - basicLogger - INFO - Response for event odometer (id: 1738091752143324600) has status 201
2025-01-28 11:15:54,256 - basicLogger - INFO - Received event job with a trace id of 1738091754256992300
2025-01-28 11:15:55,801 - basicLogger - INFO - Response for event job (id: 1738091753702187300) has status 201
2025-01-28 11:15:55,807 - basicLogger - INFO - Received event odometer with a trace id of 1738091755807142100
2025-01-28 11:15:55,830 - basicLogger - INFO - Response for event job (id: 1738091753741268800) has status 201
2025-01-28 11:15:55,836 - basicLogger - INFO - Received event odometer with a trace id of 1738091755836781400
2025-01-28 11:15:55,892 - basicLogger - INFO - Response for event job (id: 1738091753812240000) has status 201
2025-01-28 11:15:55,898 - basicLogger - INFO - Received event odometer with a trace id of 1738091755898044800
2025-01-28 11:15:55,909 - basicLogger - INFO - Response for event job (id: 1738091753819236300) has status 201
2025-01-28 11:15:55,915 - basicLogger - INFO - Received event odometer with a trace id of 1738091755915185300
2025-01-28 11:15:56,170 - basicLogger - INFO - Response for event job (id: 1738091754072835600) has status 201
2025-01-28 11:15:56,176 - basicLogger - INFO - Received event odometer with a trace id of 1738091756175722300
2025-01-28 11:15:56,340 - basicLogger - INFO - Response for event job (id: 1738091754256992300) has status 201
2025-01-28 11:15:56,346 - basicLogger - INFO - Received event odometer with a trace id of 1738091756346437000
2025-01-28 11:15:57,927 - basicLogger - INFO - Response for event odometer (id: 1738091755807142100) has status 201
2025-01-28 11:15:57,932 - basicLogger - INFO - Response for event odometer (id: 1738091755836781400) has status 201
2025-01-28 11:15:57,935 - basicLogger - INFO - Received event job with a trace id of 1738091757935060000
2025-01-28 11:15:57,939 - basicLogger - INFO - Received event job with a trace id of 1738091757939612600
2025-01-28 11:15:58,001 - basicLogger - INFO - Response for event odometer (id: 1738091755898044800) has status 201
2025-01-28 11:15:58,005 - basicLogger - INFO - Response for event odometer (id: 1738091755915185300) has status 201
2025-01-28 11:15:58,011 - basicLogger - INFO - Received event job with a trace id of 1738091758011572600
2025-01-28 11:15:58,015 - basicLogger - INFO - Received event job with a trace id of 1738091758015463500
2025-01-28 11:15:58,282 - basicLogger - INFO - Response for event odometer (id: 1738091756175722300) has status 201
2025-01-28 11:15:58,288 - basicLogger - INFO - Received event job with a trace id of 1738091758288730900
2025-01-28 11:15:58,417 - basicLogger - INFO - Response for event odometer (id: 1738091756346437000) has status 201
2025-01-28 11:15:58,422 - basicLogger - INFO - Received event job with a trace id of 1738091758422548400
2025-01-28 11:16:00,023 - basicLogger - INFO - Response for event job (id: 1738091757939612600) has status 201
2025-01-28 11:16:00,030 - basicLogger - INFO - Received event odometer with a trace id of 1738091760030302400
2025-01-28 11:16:00,032 - basicLogger - INFO - Response for event job (id: 1738091757935060000) has status 201
2025-01-28 11:16:00,038 - basicLogger - INFO - Received event odometer with a trace id of 1738091760038825600
2025-01-28 11:16:00,108 - basicLogger - INFO - Response for event job (id: 1738091758015463500) has status 201
2025-01-28 11:16:00,116 - basicLogger - INFO - Received event odometer with a trace id of 1738091760116516100
2025-01-28 11:16:00,123 - basicLogger - INFO - Response for event job (id: 1738091758011572600) has status 201
2025-01-28 11:16:00,132 - basicLogger - INFO - Received event odometer with a trace id of 1738091760132552600
2025-01-28 11:16:00,363 - basicLogger - INFO - Response for event job (id: 1738091758288730900) has status 201
2025-01-28 11:16:00,379 - basicLogger - INFO - Received event odometer with a trace id of 1738091760379173400
2025-01-28 11:16:00,495 - basicLogger - INFO - Response for event job (id: 1738091758422548400) has status 201
2025-01-28 11:16:00,500 - basicLogger - INFO - Received event odometer with a trace id of 1738091760500806500
2025-01-28 11:16:02,149 - basicLogger - INFO - Response for event odometer (id: 1738091760030302400) has status 201
2025-01-28 11:16:02,157 - basicLogger - INFO - Received event job with a trace id of 1738091762157215100
2025-01-28 11:16:02,162 - basicLogger - INFO - Response for event odometer (id: 1738091760038825600) has status 201
2025-01-28 11:16:02,170 - basicLogger - INFO - Received event job with a trace id of 1738091762169742100
2025-01-28 11:16:02,216 - basicLogger - INFO - Response for event odometer (id: 1738091760132552600) has status 201
2025-01-28 11:16:02,224 - basicLogger - INFO - Received event job with a trace id of 1738091762224967800
2025-01-28 11:16:02,231 - basicLogger - INFO - Response for event odometer (id: 1738091760116516100) has status 201
2025-01-28 11:16:02,238 - basicLogger - INFO - Received event job with a trace id of 1738091762238944000
2025-01-28 11:16:02,468 - basicLogger - INFO - Response for event odometer (id: 1738091760379173400) has status 201
2025-01-28 11:16:02,474 - basicLogger - INFO - Received event job with a trace id of 1738091762474078000
2025-01-28 11:16:02,584 - basicLogger - INFO - Response for event odometer (id: 1738091760500806500) has status 201
2025-01-28 11:16:02,590 - basicLogger - INFO - Received event job with a trace id of 1738091762590944500
2025-01-28 11:16:04,252 - basicLogger - INFO - Response for event job (id: 1738091762157215100) has status 201
2025-01-28 11:16:04,256 - basicLogger - INFO - Response for event job (id: 1738091762169742100) has status 201
2025-01-28 11:16:04,356 - basicLogger - INFO - Response for event job (id: 1738091762224967800) has status 201
2025-01-28 11:16:04,361 - basicLogger - INFO - Response for event job (id: 1738091762238944000) has status 201
2025-01-28 11:16:04,588 - basicLogger - INFO - Response for event job (id: 1738091762474078000) has status 201
2025-01-28 11:16:04,693 - basicLogger - INFO - Response for event job (id: 1738091762590944500) has status 201
2025-02-04 12:38:00,771 - basicLogger - INFO - Received event odometer with a trace id of 1738701480771946700
2025-02-04 12:38:03,250 - basicLogger - INFO - Response for event odometer (id: 1738701480771946700) has status 500
2025-02-04 12:38:18,870 - basicLogger - INFO - Received event odometer with a trace id of 1738701498870212800
2025-02-04 12:38:20,962 - basicLogger - INFO - Response for event odometer (id: 1738701498870212800) has status 201
2025-02-04 12:38:30,851 - basicLogger - INFO - Received event job with a trace id of 1738701510851299200
2025-02-04 12:38:32,934 - basicLogger - INFO - Response for event job (id: 1738701510851299200) has status 201
2025-02-04 22:10:53,273 - basicLogger - INFO - Received event job with a trace id of 1738735853273701800
2025-02-04 22:10:55,732 - basicLogger - INFO - Response for event job (id: 1738735853273701800) has status 500
2025-02-04 22:10:56,501 - basicLogger - INFO - Received event odometer with a trace id of 1738735856501762700
2025-02-04 22:10:58,683 - basicLogger - INFO - Response for event odometer (id: 1738735856501762700) has status 201
2025-02-04 22:11:23,281 - basicLogger - INFO - Received event job with a trace id of 1738735883281754800
2025-02-04 22:11:25,372 - basicLogger - INFO - Response for event job (id: 1738735883281754800) has status 201
2025-02-04 22:28:27,504 - basicLogger - INFO - Received event job with a trace id of 1738736907504148400
2025-02-04 22:28:29,678 - basicLogger - INFO - Response for event job (id: 1738736907504148400) has status 201
2025-02-04 22:28:33,896 - basicLogger - INFO - Received event odometer with a trace id of 1738736913896482600
2025-02-04 22:28:35,986 - basicLogger - INFO - Response for event odometer (id: 1738736913896482600) has status 201
2025-02-08 11:46:52,364 - basicLogger - INFO - Received event odometer with a trace id of 1739044012364908600
2025-02-08 11:46:59,090 - basicLogger - INFO - Response for event odometer (id: 1739044012364908600) has status 500
2025-02-08 11:53:07,439 - basicLogger - INFO - Received event odometer with a trace id of 1739044387439668300
2025-02-08 11:53:09,663 - basicLogger - INFO - Response for event odometer (id: 1739044387439668300) has status 201
2025-02-08 11:54:13,785 - basicLogger - INFO - Received event odometer with a trace id of 1739044453785817200
2025-02-08 11:54:15,909 - basicLogger - INFO - Response for event odometer (id: 1739044453785817200) has status 201
2025-02-08 12:28:51,372 - basicLogger - INFO - Received event job with a trace id of 1739046531372500300
2025-02-08 12:28:53,508 - basicLogger - INFO - Response for event job (id: 1739046531372500300) has status 201
2025-02-08 12:28:57,573 - basicLogger - INFO - Received event odometer with a trace id of 1739046537573464400
2025-02-08 12:28:59,678 - basicLogger - INFO - Response for event odometer (id: 1739046537573464400) has status 201
2025-02-08 12:29:46,559 - basicLogger - INFO - Received event odometer with a trace id of 1739046586559322200
2025-02-08 12:29:48,635 - basicLogger - INFO - Response for event odometer (id: 1739046586559322200) has status 201
2025-02-17 16:29:56,216 - basicLogger - INFO - Received event odometer with a trace id of 1739838596216050100
2025-02-17 16:29:56,265 - basicLogger - INFO - Event with trace_id:1739838596216050100 sucessfully added to que
2025-02-17 16:30:30,499 - basicLogger - INFO - Received event job with a trace id of 1739838630499044700
2025-02-17 16:30:30,510 - basicLogger - INFO - Event with trace_id:1739838630499044700 sucessfully added to que
2025-02-17 16:44:12,896 - basicLogger - INFO - Received event odometer with a trace id of 1739839452896316300
2025-02-17 16:44:12,897 - basicLogger - INFO - Received event odometer with a trace id of 1739839452897307400
2025-02-17 16:44:12,971 - basicLogger - INFO - Received event odometer with a trace id of 1739839452970034400
2025-02-17 16:44:12,978 - basicLogger - INFO - Event with trace_id:1739839452970034400 sucessfully added to que
2025-02-17 16:44:13,021 - basicLogger - INFO - Received event job with a trace id of 1739839453021427400
2025-02-17 16:44:13,028 - basicLogger - INFO - Event with trace_id:1739839453021427400 sucessfully added to que
2025-02-17 16:44:13,038 - basicLogger - INFO - Received event odometer with a trace id of 1739839453038843100
2025-02-17 16:44:13,045 - basicLogger - INFO - Event with trace_id:1739839452896316300 sucessfully added to que
2025-02-17 16:44:13,055 - basicLogger - INFO - Event with trace_id:1739839453038843100 sucessfully added to que
2025-02-17 16:44:13,057 - basicLogger - INFO - Received event job with a trace id of 1739839453057999100
2025-02-17 16:44:13,065 - basicLogger - INFO - Event with trace_id:1739839453057999100 sucessfully added to que
2025-02-17 16:44:13,068 - basicLogger - INFO - Received event job with a trace id of 1739839453068651600
2025-02-17 16:44:13,079 - basicLogger - INFO - Event with trace_id:1739839453068651600 sucessfully added to que
2025-02-17 16:44:13,079 - basicLogger - INFO - Received event odometer with a trace id of 1739839453079939200
2025-02-17 16:44:13,089 - basicLogger - INFO - Event with trace_id:1739839453079939200 sucessfully added to que
2025-02-17 16:44:13,091 - basicLogger - INFO - Received event odometer with a trace id of 1739839453091706100
2025-02-17 16:44:13,103 - basicLogger - INFO - Event with trace_id:1739839453091706100 sucessfully added to que
2025-02-17 16:44:13,104 - basicLogger - INFO - Received event job with a trace id of 1739839453104505300
2025-02-17 16:44:13,115 - basicLogger - INFO - Received event job with a trace id of 1739839453113730900
2025-02-17 16:44:13,115 - basicLogger - INFO - Event with trace_id:1739839453104505300 sucessfully added to que
2025-02-17 16:44:13,123 - basicLogger - INFO - Event with trace_id:1739839453113730900 sucessfully added to que
2025-02-17 16:44:13,132 - basicLogger - INFO - Received event odometer with a trace id of 1739839453132877700
2025-02-17 16:44:13,137 - basicLogger - INFO - Received event odometer with a trace id of 1739839453137427100
2025-02-17 16:44:13,145 - basicLogger - INFO - Received event odometer with a trace id of 1739839453145935700
2025-02-17 16:44:13,145 - basicLogger - INFO - Event with trace_id:1739839453132877700 sucessfully added to que
2025-02-17 16:44:13,153 - basicLogger - INFO - Event with trace_id:1739839453137427100 sucessfully added to que
2025-02-17 16:44:13,160 - basicLogger - INFO - Received event job with a trace id of 1739839453160015400
2025-02-17 16:44:13,163 - basicLogger - INFO - Event with trace_id:1739839453145935700 sucessfully added to que
2025-02-17 16:44:13,173 - basicLogger - INFO - Event with trace_id:1739839453160015400 sucessfully added to que
2025-02-17 16:44:13,174 - basicLogger - INFO - Received event job with a trace id of 1739839453174991200
2025-02-17 16:44:13,180 - basicLogger - INFO - Received event job with a trace id of 1739839453180531100
2025-02-17 16:44:13,193 - basicLogger - INFO - Event with trace_id:1739839453174991200 sucessfully added to que
2025-02-17 16:44:13,198 - basicLogger - INFO - Received event odometer with a trace id of 1739839453198379900
2025-02-17 16:44:13,210 - basicLogger - INFO - Event with trace_id:1739839453180531100 sucessfully added to que
2025-02-17 16:44:13,216 - basicLogger - INFO - Received event odometer with a trace id of 1739839453216819800
2025-02-17 16:44:13,224 - basicLogger - INFO - Event with trace_id:1739839453198379900 sucessfully added to que
2025-02-17 16:44:13,236 - basicLogger - INFO - Received event odometer with a trace id of 1739839453235558000
2025-02-17 16:44:13,240 - basicLogger - INFO - Event with trace_id:1739839453216819800 sucessfully added to que
2025-02-17 16:44:13,243 - basicLogger - INFO - Received event job with a trace id of 1739839453243482400
2025-02-17 16:44:13,273 - basicLogger - INFO - Event with trace_id:1739839453235558000 sucessfully added to que
2025-02-17 16:44:13,276 - basicLogger - INFO - Received event job with a trace id of 1739839453275666600
2025-02-17 16:44:13,294 - basicLogger - INFO - Received event job with a trace id of 1739839453294956000
2025-02-17 16:44:13,301 - basicLogger - INFO - Event with trace_id:1739839453243482400 sucessfully added to que
2025-02-17 16:44:13,302 - basicLogger - INFO - Received event odometer with a trace id of 1739839453302808100
2025-02-17 16:44:13,320 - basicLogger - INFO - Received event odometer with a trace id of 1739839453319946700
2025-02-17 16:44:13,320 - basicLogger - INFO - Event with trace_id:1739839453275666600 sucessfully added to que
2025-02-17 16:44:13,320 - basicLogger - INFO - Event with trace_id:1739839453294956000 sucessfully added to que
2025-02-17 16:44:13,338 - basicLogger - INFO - Event with trace_id:1739839453302808100 sucessfully added to que
2025-02-17 16:44:13,338 - basicLogger - INFO - Event with trace_id:1739839453319946700 sucessfully added to que
2025-02-17 16:44:13,344 - basicLogger - INFO - Received event odometer with a trace id of 1739839453343160400
2025-02-17 16:44:13,344 - basicLogger - INFO - Received event odometer with a trace id of 1739839453344172000
2025-02-17 16:44:13,367 - basicLogger - INFO - Received event job with a trace id of 1739839453367794900
2025-02-17 16:44:13,370 - basicLogger - INFO - Received event job with a trace id of 1739839453370325300
2025-02-17 16:44:13,371 - basicLogger - INFO - Event with trace_id:1739839453343160400 sucessfully added to que
2025-02-17 16:44:13,386 - basicLogger - INFO - Event with trace_id:1739839453367794900 sucessfully added to que
2025-02-17 16:44:13,387 - basicLogger - INFO - Received event job with a trace id of 1739839453387729700
2025-02-17 16:44:13,387 - basicLogger - INFO - Event with trace_id:1739839453344172000 sucessfully added to que
2025-02-17 16:44:13,410 - basicLogger - INFO - Received event odometer with a trace id of 1739839453410223500
2025-02-17 16:44:13,413 - basicLogger - INFO - Event with trace_id:1739839453370325300 sucessfully added to que
2025-02-17 16:44:13,424 - basicLogger - INFO - Received event job with a trace id of 1739839453424493400
2025-02-17 16:44:13,434 - basicLogger - INFO - Event with trace_id:1739839453410223500 sucessfully added to que
2025-02-17 16:44:13,436 - basicLogger - INFO - Event with trace_id:1739839453387729700 sucessfully added to que
2025-02-17 16:44:13,438 - basicLogger - INFO - Received event odometer with a trace id of 1739839453438199000
2025-02-17 16:44:13,458 - basicLogger - INFO - Event with trace_id:1739839453424493400 sucessfully added to que
2025-02-17 16:44:13,459 - basicLogger - INFO - Received event job with a trace id of 1739839453459332200
2025-02-17 16:44:13,463 - basicLogger - INFO - Received event odometer with a trace id of 1739839453463483600
2025-02-17 16:44:13,466 - basicLogger - INFO - Received event odometer with a trace id of 1739839453466058400
2025-02-17 16:44:13,478 - basicLogger - INFO - Event with trace_id:1739839453438199000 sucessfully added to que
2025-02-17 16:44:13,487 - basicLogger - INFO - Received event odometer with a trace id of 1739839453487161200
2025-02-17 16:44:13,501 - basicLogger - INFO - Event with trace_id:1739839453466058400 sucessfully added to que
2025-02-17 16:44:13,501 - basicLogger - INFO - Event with trace_id:1739839453463483600 sucessfully added to que
2025-02-17 16:44:13,502 - basicLogger - INFO - Event with trace_id:1739839453459332200 sucessfully added to que
2025-02-17 16:44:13,502 - basicLogger - INFO - Received event job with a trace id of 1739839453502680300
2025-02-17 16:44:13,516 - basicLogger - INFO - Event with trace_id:1739839453487161200 sucessfully added to que
2025-02-17 16:44:13,524 - basicLogger - INFO - Received event job with a trace id of 1739839453524044900
2025-02-17 16:44:13,525 - basicLogger - INFO - Received event job with a trace id of 1739839453525115200
2025-02-17 16:44:13,526 - basicLogger - INFO - Event with trace_id:1739839453502680300 sucessfully added to que
2025-02-17 16:44:13,533 - basicLogger - INFO - Received event odometer with a trace id of 1739839453533206800
2025-02-17 16:44:13,542 - basicLogger - INFO - Received event job with a trace id of 1739839453542078600
2025-02-17 16:44:13,542 - basicLogger - INFO - Event with trace_id:1739839453525115200 sucessfully added to que
2025-02-17 16:44:13,542 - basicLogger - INFO - Event with trace_id:1739839453524044900 sucessfully added to que
2025-02-17 16:44:13,553 - basicLogger - INFO - Received event odometer with a trace id of 1739839453553373200
2025-02-17 16:44:13,553 - basicLogger - INFO - Event with trace_id:1739839453533206800 sucessfully added to que
2025-02-17 16:44:13,553 - basicLogger - INFO - Event with trace_id:1739839453542078600 sucessfully added to que
2025-02-17 16:44:13,563 - basicLogger - INFO - Event with trace_id:1739839453553373200 sucessfully added to que
2025-02-17 16:44:13,576 - basicLogger - INFO - Received event odometer with a trace id of 1739839453576341300
2025-02-17 16:44:13,578 - basicLogger - INFO - Received event odometer with a trace id of 1739839453578478000
2025-02-17 16:44:13,587 - basicLogger - INFO - Received event job with a trace id of 1739839453587065300
2025-02-17 16:44:13,587 - basicLogger - INFO - Event with trace_id:1739839453576341300 sucessfully added to que
2025-02-17 16:44:13,587 - basicLogger - INFO - Received event odometer with a trace id of 1739839453587065300
2025-02-17 16:44:13,601 - basicLogger - INFO - Event with trace_id:1739839453578478000 sucessfully added to que
2025-02-17 16:44:13,604 - basicLogger - INFO - Received event job with a trace id of 1739839453604833700
2025-02-17 16:44:13,604 - basicLogger - INFO - Event with trace_id:1739839453587065300 sucessfully added to que
2025-02-17 16:44:13,623 - basicLogger - INFO - Received event job with a trace id of 1739839453623072700
2025-02-17 16:44:13,623 - basicLogger - INFO - Event with trace_id:1739839453587065300 sucessfully added to que
2025-02-17 16:44:13,629 - basicLogger - INFO - Received event job with a trace id of 1739839453629922100
2025-02-17 16:44:13,639 - basicLogger - INFO - Event with trace_id:1739839453604833700 sucessfully added to que
2025-02-17 16:44:13,640 - basicLogger - INFO - Received event odometer with a trace id of 1739839453640849100
2025-02-17 16:44:13,640 - basicLogger - INFO - Event with trace_id:1739839453623072700 sucessfully added to que
2025-02-17 16:44:13,651 - basicLogger - INFO - Event with trace_id:1739839453629922100 sucessfully added to que
2025-02-17 16:44:13,651 - basicLogger - INFO - Received event job with a trace id of 1739839453651840300
2025-02-17 16:44:13,660 - basicLogger - INFO - Event with trace_id:1739839453640849100 sucessfully added to que
2025-02-17 16:44:13,661 - basicLogger - INFO - Received event odometer with a trace id of 1739839453661571500
2025-02-17 16:44:13,666 - basicLogger - INFO - Received event odometer with a trace id of 1739839453666234500
2025-02-17 16:44:13,668 - basicLogger - INFO - Event with trace_id:1739839453651840300 sucessfully added to que
2025-02-17 16:44:13,668 - basicLogger - INFO - Received event odometer with a trace id of 1739839453668263600
2025-02-17 16:44:13,683 - basicLogger - INFO - Received event job with a trace id of 1739839453683418500
2025-02-17 16:44:13,687 - basicLogger - INFO - Event with trace_id:1739839453666234500 sucessfully added to que
2025-02-17 16:44:13,687 - basicLogger - INFO - Event with trace_id:1739839453661571500 sucessfully added to que
2025-02-17 16:44:13,696 - basicLogger - INFO - Received event odometer with a trace id of 1739839453696347800
2025-02-17 16:44:13,717 - basicLogger - INFO - Event with trace_id:1739839453668263600 sucessfully added to que
2025-02-17 16:44:13,709 - basicLogger - INFO - Event with trace_id:1739839453683418500 sucessfully added to que
2025-02-17 16:44:13,725 - basicLogger - INFO - Event with trace_id:1739839453696347800 sucessfully added to que
2025-02-17 16:44:13,730 - basicLogger - INFO - Received event job with a trace id of 1739839453730899500
2025-02-17 16:44:13,732 - basicLogger - INFO - Received event job with a trace id of 1739839453732677900
2025-02-17 16:44:13,761 - basicLogger - INFO - Received event odometer with a trace id of 1739839453761942300
2025-02-17 16:44:13,750 - basicLogger - INFO - Received event job with a trace id of 1739839453750889800
2025-02-17 16:44:13,775 - basicLogger - INFO - Received event job with a trace id of 1739839453775098100
2025-02-17 16:44:13,772 - basicLogger - INFO - Event with trace_id:1739839453730899500 sucessfully added to que
2025-02-17 16:44:13,815 - basicLogger - INFO - Event with trace_id:1739839453732677900 sucessfully added to que
2025-02-17 16:44:13,823 - basicLogger - INFO - Event with trace_id:1739839453761942300 sucessfully added to que
2025-02-17 16:44:13,823 - basicLogger - INFO - Event with trace_id:1739839453750889800 sucessfully added to que
2025-02-17 16:44:13,823 - basicLogger - INFO - Received event odometer with a trace id of 1739839453823522900
2025-02-17 16:44:13,823 - basicLogger - INFO - Event with trace_id:1739839453775098100 sucessfully added to que
2025-02-17 16:44:13,851 - basicLogger - INFO - Received event job with a trace id of 1739839453851531200
2025-02-17 16:44:13,852 - basicLogger - INFO - Received event odometer with a trace id of 1739839453852040800
2025-02-17 16:44:13,856 - basicLogger - INFO - Event with trace_id:1739839453823522900 sucessfully added to que
2025-02-17 16:44:13,857 - basicLogger - INFO - Received event odometer with a trace id of 1739839453857017000
2025-02-17 16:44:13,861 - basicLogger - INFO - Received event odometer with a trace id of 1739839453861536200
2025-02-17 16:44:13,871 - basicLogger - INFO - Event with trace_id:1739839453851531200 sucessfully added to que
2025-02-17 16:44:13,871 - basicLogger - INFO - Event with trace_id:1739839453852040800 sucessfully added to que
2025-02-17 16:44:13,883 - basicLogger - INFO - Event with trace_id:1739839453857017000 sucessfully added to que
2025-02-17 16:44:13,883 - basicLogger - INFO - Event with trace_id:1739839453861536200 sucessfully added to que
2025-02-17 16:44:13,883 - basicLogger - INFO - Received event job with a trace id of 1739839453883315700
2025-02-17 16:44:13,895 - basicLogger - INFO - Received event job with a trace id of 1739839453895076200
2025-02-17 16:44:13,897 - basicLogger - INFO - Received event odometer with a trace id of 1739839453897292800
2025-02-17 16:44:13,898 - basicLogger - INFO - Event with trace_id:1739839453883315700 sucessfully added to que
2025-02-17 16:44:13,902 - basicLogger - INFO - Received event job with a trace id of 1739839453902693000
2025-02-17 16:44:13,909 - basicLogger - INFO - Event with trace_id:1739839453895076200 sucessfully added to que
2025-02-17 16:44:13,912 - basicLogger - INFO - Received event job with a trace id of 1739839453912234800
2025-02-17 16:44:13,916 - basicLogger - INFO - Event with trace_id:1739839453897292800 sucessfully added to que
2025-02-17 16:44:13,916 - basicLogger - INFO - Event with trace_id:1739839453902693000 sucessfully added to que
2025-02-17 16:44:13,926 - basicLogger - INFO - Received event odometer with a trace id of 1739839453926557400
2025-02-17 16:44:13,926 - basicLogger - INFO - Received event odometer with a trace id of 1739839453926557400
2025-02-17 16:44:13,933 - basicLogger - INFO - Event with trace_id:1739839453912234800 sucessfully added to que
2025-02-17 16:44:13,943 - basicLogger - INFO - Received event job with a trace id of 1739839453943827600
2025-02-17 16:44:13,946 - basicLogger - INFO - Received event odometer with a trace id of 1739839453946791800
2025-02-17 16:44:13,946 - basicLogger - INFO - Event with trace_id:1739839453926557400 sucessfully added to que
2025-02-17 16:44:13,946 - basicLogger - INFO - Event with trace_id:1739839453926557400 sucessfully added to que
2025-02-17 16:44:13,952 - basicLogger - INFO - Event with trace_id:1739839453943827600 sucessfully added to que
2025-02-17 16:44:13,963 - basicLogger - INFO - Received event job with a trace id of 1739839453963097900
2025-02-17 16:44:13,964 - basicLogger - INFO - Received event job with a trace id of 1739839453964105400
2025-02-17 16:44:13,967 - basicLogger - INFO - Event with trace_id:1739839453946791800 sucessfully added to que
2025-02-17 16:44:13,973 - basicLogger - INFO - Received event odometer with a trace id of 1739839453973387300
2025-02-17 16:44:13,977 - basicLogger - INFO - Event with trace_id:1739839453963097900 sucessfully added to que
2025-02-17 16:44:13,977 - basicLogger - INFO - Event with trace_id:1739839453964105400 sucessfully added to que
2025-02-17 16:44:13,979 - basicLogger - INFO - Received event job with a trace id of 1739839453979235600
2025-02-17 16:44:13,991 - basicLogger - INFO - Event with trace_id:1739839453973387300 sucessfully added to que
2025-02-17 16:44:13,993 - basicLogger - INFO - Received event odometer with a trace id of 1739839453993582800
2025-02-17 16:44:13,996 - basicLogger - INFO - Event with trace_id:1739839453979235600 sucessfully added to que
2025-02-17 16:44:14,005 - basicLogger - INFO - Received event job with a trace id of 1739839454005046000
2025-02-17 16:44:14,006 - basicLogger - INFO - Event with trace_id:1739839453993582800 sucessfully added to que
2025-02-17 16:44:14,012 - basicLogger - INFO - Received event odometer with a trace id of 1739839454012608900
2025-02-17 16:44:14,012 - basicLogger - INFO - Event with trace_id:1739839454005046000 sucessfully added to que
2025-02-17 16:44:14,015 - basicLogger - INFO - Received event job with a trace id of 1739839454015727900
2025-02-17 16:44:14,023 - basicLogger - INFO - Event with trace_id:1739839454012608900 sucessfully added to que
2025-02-17 16:44:14,029 - basicLogger - INFO - Received event odometer with a trace id of 1739839454029442600
2025-02-17 16:44:14,035 - basicLogger - INFO - Event with trace_id:1739839454015727900 sucessfully added to que
2025-02-17 16:44:14,035 - basicLogger - INFO - Received event job with a trace id of 1739839454035190800
2025-02-17 16:44:14,047 - basicLogger - INFO - Event with trace_id:1739839454029442600 sucessfully added to que
2025-02-17 16:44:14,053 - basicLogger - INFO - Received event odometer with a trace id of 1739839454053460800
2025-02-17 16:44:14,060 - basicLogger - INFO - Event with trace_id:1739839454035190800 sucessfully added to que
2025-02-17 16:44:14,062 - basicLogger - INFO - Received event job with a trace id of 1739839454062706600
2025-02-17 16:44:14,068 - basicLogger - INFO - Event with trace_id:1739839454053460800 sucessfully added to que
2025-02-17 16:44:14,072 - basicLogger - INFO - Received event odometer with a trace id of 1739839454072786000
2025-02-17 16:44:14,074 - basicLogger - INFO - Event with trace_id:1739839454062706600 sucessfully added to que
2025-02-17 16:44:14,079 - basicLogger - INFO - Received event job with a trace id of 1739839454079876000
2025-02-17 16:44:14,084 - basicLogger - INFO - Event with trace_id:1739839454072786000 sucessfully added to que
2025-02-17 16:44:14,084 - basicLogger - INFO - Received event odometer with a trace id of 1739839454084963200
2025-02-17 16:44:14,100 - basicLogger - INFO - Event with trace_id:1739839454079876000 sucessfully added to que
2025-02-17 16:44:14,101 - basicLogger - INFO - Received event job with a trace id of 1739839454101332400
2025-02-17 16:44:14,101 - basicLogger - INFO - Event with trace_id:1739839454084963200 sucessfully added to que
2025-02-17 16:44:14,111 - basicLogger - INFO - Received event odometer with a trace id of 1739839454111652900
2025-02-17 16:44:14,112 - basicLogger - INFO - Event with trace_id:1739839454101332400 sucessfully added to que
2025-02-17 16:44:14,121 - basicLogger - INFO - Event with trace_id:1739839454111652900 sucessfully added to que
2025-02-17 16:44:14,122 - basicLogger - INFO - Received event job with a trace id of 1739839454122834100
2025-02-17 16:44:14,133 - basicLogger - INFO - Received event job with a trace id of 1739839454133337000
2025-02-17 16:44:14,133 - basicLogger - INFO - Event with trace_id:1739839454122834100 sucessfully added to que
2025-02-17 16:44:14,141 - basicLogger - INFO - Event with trace_id:1739839454133337000 sucessfully added to que
2025-02-17 16:44:14,142 - basicLogger - INFO - Received event odometer with a trace id of 1739839454142924700
2025-02-17 16:44:14,149 - basicLogger - INFO - Event with trace_id:1739839454142924700 sucessfully added to que
2025-02-17 16:44:14,155 - basicLogger - INFO - Received event odometer with a trace id of 1739839454155099100
2025-02-17 16:44:14,160 - basicLogger - INFO - Event with trace_id:1739839454155099100 sucessfully added to que
2025-02-17 16:44:14,164 - basicLogger - INFO - Received event job with a trace id of 1739839454164048100
2025-02-17 16:44:14,174 - basicLogger - INFO - Event with trace_id:1739839454164048100 sucessfully added to que
2025-02-17 16:44:14,176 - basicLogger - INFO - Received event job with a trace id of 1739839454176647800
2025-02-17 16:44:14,183 - basicLogger - INFO - Event with trace_id:1739839454176647800 sucessfully added to que
2025-02-17 16:44:14,191 - basicLogger - INFO - Received event odometer with a trace id of 1739839454191228200
2025-02-17 16:44:14,195 - basicLogger - INFO - Event with trace_id:1739839454191228200 sucessfully added to que
2025-02-17 16:44:14,204 - basicLogger - INFO - Received event job with a trace id of 1739839454204420900
2025-02-17 16:44:14,208 - basicLogger - INFO - Event with trace_id:1739839454204420900 sucessfully added to que
2025-02-17 16:44:18,030 - basicLogger - INFO - Received event job with a trace id of 1739839458030767900
2025-02-17 16:44:18,035 - basicLogger - INFO - Event with trace_id:1739839458030767900 sucessfully added to que
2025-02-17 16:44:18,051 - basicLogger - INFO - Received event odometer with a trace id of 1739839458051073400
2025-02-17 16:44:18,057 - basicLogger - INFO - Event with trace_id:1739839458051073400 sucessfully added to que
2025-02-17 16:44:18,071 - basicLogger - INFO - Received event job with a trace id of 1739839458071329700
2025-02-17 16:44:18,079 - basicLogger - INFO - Event with trace_id:1739839458071329700 sucessfully added to que
2025-02-17 16:44:18,100 - basicLogger - INFO - Received event odometer with a trace id of 1739839458100123800
2025-02-17 16:44:18,112 - basicLogger - INFO - Event with trace_id:1739839458100123800 sucessfully added to que
2025-02-17 16:44:18,132 - basicLogger - INFO - Received event job with a trace id of 1739839458132364600
2025-02-17 16:44:18,139 - basicLogger - INFO - Event with trace_id:1739839458132364600 sucessfully added to que
2025-02-17 16:44:18,153 - basicLogger - INFO - Received event odometer with a trace id of 1739839458153443500
2025-02-17 16:44:18,159 - basicLogger - INFO - Event with trace_id:1739839458153443500 sucessfully added to que
2025-02-17 16:44:18,172 - basicLogger - INFO - Received event job with a trace id of 1739839458172859200
2025-02-17 16:44:18,177 - basicLogger - INFO - Event with trace_id:1739839458172859200 sucessfully added to que
2025-02-17 16:44:18,187 - basicLogger - INFO - Received event odometer with a trace id of 1739839458187318800
2025-02-17 16:44:18,200 - basicLogger - INFO - Event with trace_id:1739839458187318800 sucessfully added to que
2025-02-17 16:44:18,205 - basicLogger - INFO - Received event job with a trace id of 1739839458205814700
2025-02-17 16:44:18,217 - basicLogger - INFO - Event with trace_id:1739839458205814700 sucessfully added to que
2025-02-17 16:44:18,227 - basicLogger - INFO - Received event odometer with a trace id of 1739839458227749600
2025-02-17 16:44:18,236 - basicLogger - INFO - Event with trace_id:1739839458227749600 sucessfully added to que
2025-02-17 16:44:18,246 - basicLogger - INFO - Received event job with a trace id of 1739839458246537900
2025-02-17 16:44:18,255 - basicLogger - INFO - Event with trace_id:1739839458246537900 sucessfully added to que
2025-02-17 16:44:18,268 - basicLogger - INFO - Received event odometer with a trace id of 1739839458268593300
2025-02-17 16:44:18,274 - basicLogger - INFO - Event with trace_id:1739839458268593300 sucessfully added to que
2025-02-17 16:44:18,285 - basicLogger - INFO - Received event job with a trace id of 1739839458285915400
2025-02-17 16:44:18,291 - basicLogger - INFO - Event with trace_id:1739839458285915400 sucessfully added to que
2025-02-17 16:44:18,304 - basicLogger - INFO - Received event odometer with a trace id of 1739839458304721000
2025-02-17 16:44:18,309 - basicLogger - INFO - Event with trace_id:1739839458304721000 sucessfully added to que
2025-02-17 16:44:18,322 - basicLogger - INFO - Received event job with a trace id of 1739839458322236100
2025-02-17 16:44:18,328 - basicLogger - INFO - Event with trace_id:1739839458322236100 sucessfully added to que
2025-02-17 16:44:18,338 - basicLogger - INFO - Received event odometer with a trace id of 1739839458338230100
2025-02-17 16:44:18,344 - basicLogger - INFO - Event with trace_id:1739839458338230100 sucessfully added to que
2025-02-17 16:44:18,354 - basicLogger - INFO - Received event job with a trace id of 1739839458354665800
2025-02-17 16:44:18,360 - basicLogger - INFO - Event with trace_id:1739839458354665800 sucessfully added to que
2025-02-17 16:44:18,404 - basicLogger - INFO - Received event odometer with a trace id of 1739839458404860100
2025-02-17 16:44:18,442 - basicLogger - INFO - Event with trace_id:1739839458404860100 sucessfully added to que
2025-02-17 16:44:18,455 - basicLogger - INFO - Received event job with a trace id of 1739839458455647800
2025-02-17 16:44:18,467 - basicLogger - INFO - Event with trace_id:1739839458455647800 sucessfully added to que
2025-02-17 16:48:25,934 - basicLogger - INFO - Received event odometer with a trace id of 1739839705934687500
2025-02-17 16:48:25,939 - basicLogger - INFO - Event with trace_id:1739839705934687500 sucessfully added to que
2025-02-17 16:48:25,954 - basicLogger - INFO - Received event job with a trace id of 1739839705954865300
2025-02-17 16:48:25,959 - basicLogger - INFO - Event with trace_id:1739839705954865300 sucessfully added to que
2025-02-17 16:48:25,980 - basicLogger - INFO - Received event odometer with a trace id of 1739839705980201600
2025-02-17 16:48:25,990 - basicLogger - INFO - Event with trace_id:1739839705980201600 sucessfully added to que
2025-02-17 16:48:26,024 - basicLogger - INFO - Received event job with a trace id of 1739839706024162800
2025-02-17 16:48:26,035 - basicLogger - INFO - Event with trace_id:1739839706024162800 sucessfully added to que
2025-02-17 16:48:26,050 - basicLogger - INFO - Received event odometer with a trace id of 1739839706050085100
2025-02-17 16:48:26,055 - basicLogger - INFO - Event with trace_id:1739839706050085100 sucessfully added to que
2025-02-17 16:48:26,070 - basicLogger - INFO - Received event job with a trace id of 1739839706070477700
2025-02-17 16:48:26,086 - basicLogger - INFO - Event with trace_id:1739839706070477700 sucessfully added to que
2025-02-17 16:48:26,098 - basicLogger - INFO - Received event odometer with a trace id of 1739839706098395700
2025-02-17 16:48:26,100 - basicLogger - INFO - Received event odometer with a trace id of 1739839706100938700
2025-02-17 16:48:26,120 - basicLogger - INFO - Event with trace_id:1739839706098395700 sucessfully added to que
2025-02-17 16:48:26,135 - basicLogger - INFO - Received event job with a trace id of 1739839706134095400
2025-02-17 16:48:26,135 - basicLogger - INFO - Event with trace_id:1739839706100938700 sucessfully added to que
2025-02-17 16:48:26,148 - basicLogger - INFO - Received event job with a trace id of 1739839706148328700
2025-02-17 16:48:26,150 - basicLogger - INFO - Event with trace_id:1739839706134095400 sucessfully added to que
2025-02-17 16:48:26,161 - basicLogger - INFO - Event with trace_id:1739839706148328700 sucessfully added to que
2025-02-17 16:48:26,168 - basicLogger - INFO - Received event odometer with a trace id of 1739839706168746400
2025-02-17 16:48:26,181 - basicLogger - INFO - Received event odometer with a trace id of 1739839706181010600
2025-02-17 16:48:26,187 - basicLogger - INFO - Event with trace_id:1739839706168746400 sucessfully added to que
2025-02-17 16:48:26,200 - basicLogger - INFO - Event with trace_id:1739839706181010600 sucessfully added to que
2025-02-17 16:48:26,244 - basicLogger - INFO - Received event job with a trace id of 1739839706244458600
2025-02-17 16:48:26,248 - basicLogger - INFO - Received event job with a trace id of 1739839706248063700
2025-02-17 16:48:26,252 - basicLogger - INFO - Event with trace_id:1739839706244458600 sucessfully added to que
2025-02-17 16:48:26,269 - basicLogger - INFO - Event with trace_id:1739839706248063700 sucessfully added to que
2025-02-17 16:48:26,272 - basicLogger - INFO - Received event odometer with a trace id of 1739839706272816400
2025-02-17 16:48:26,277 - basicLogger - INFO - Received event odometer with a trace id of 1739839706277977800
2025-02-17 16:48:26,283 - basicLogger - INFO - Received event odometer with a trace id of 1739839706283058500
2025-02-17 16:48:26,290 - basicLogger - INFO - Event with trace_id:1739839706272816400 sucessfully added to que
2025-02-17 16:48:26,302 - basicLogger - INFO - Received event job with a trace id of 1739839706302579900
2025-02-17 16:48:26,303 - basicLogger - INFO - Event with trace_id:1739839706277977800 sucessfully added to que
2025-02-17 16:48:26,304 - basicLogger - INFO - Event with trace_id:1739839706283058500 sucessfully added to que
2025-02-17 16:48:26,310 - basicLogger - INFO - Event with trace_id:1739839706302579900 sucessfully added to que
2025-02-17 16:48:26,317 - basicLogger - INFO - Received event job with a trace id of 1739839706317672400
2025-02-17 16:48:26,317 - basicLogger - INFO - Received event job with a trace id of 1739839706317672400
2025-02-17 16:48:26,324 - basicLogger - INFO - Received event odometer with a trace id of 1739839706323697800
2025-02-17 16:48:26,324 - basicLogger - INFO - Event with trace_id:1739839706317672400 sucessfully added to que
2025-02-17 16:48:26,326 - basicLogger - INFO - Event with trace_id:1739839706317672400 sucessfully added to que
2025-02-17 16:48:26,334 - basicLogger - INFO - Received event odometer with a trace id of 1739839706334025100
2025-02-17 16:48:26,334 - basicLogger - INFO - Event with trace_id:1739839706323697800 sucessfully added to que
2025-02-17 16:48:26,334 - basicLogger - INFO - Received event odometer with a trace id of 1739839706334025100
2025-02-17 16:48:26,344 - basicLogger - INFO - Event with trace_id:1739839706334025100 sucessfully added to que
2025-02-17 16:48:26,344 - basicLogger - INFO - Received event job with a trace id of 1739839706344215300
2025-02-17 16:48:26,354 - basicLogger - INFO - Received event job with a trace id of 1739839706354226900
2025-02-17 16:48:26,356 - basicLogger - INFO - Event with trace_id:1739839706334025100 sucessfully added to que
2025-02-17 16:48:26,367 - basicLogger - INFO - Event with trace_id:1739839706354226900 sucessfully added to que
2025-02-17 16:48:26,370 - basicLogger - INFO - Event with trace_id:1739839706344215300 sucessfully added to que
2025-02-17 16:48:26,379 - basicLogger - INFO - Received event job with a trace id of 1739839706379826000
2025-02-17 16:48:26,387 - basicLogger - INFO - Received event odometer with a trace id of 1739839706385372900
2025-02-17 16:48:26,388 - basicLogger - INFO - Event with trace_id:1739839706379826000 sucessfully added to que
2025-02-17 16:48:26,395 - basicLogger - INFO - Received event odometer with a trace id of 1739839706395856500
2025-02-17 16:48:26,406 - basicLogger - INFO - Event with trace_id:1739839706385372900 sucessfully added to que
2025-02-17 16:48:26,408 - basicLogger - INFO - Received event odometer with a trace id of 1739839706408037800
2025-02-17 16:48:26,415 - basicLogger - INFO - Event with trace_id:1739839706395856500 sucessfully added to que
2025-02-17 16:48:26,419 - basicLogger - INFO - Received event job with a trace id of 1739839706419118900
2025-02-17 16:48:26,436 - basicLogger - INFO - Event with trace_id:1739839706408037800 sucessfully added to que
2025-02-17 16:48:26,436 - basicLogger - INFO - Received event odometer with a trace id of 1739839706436377000
2025-02-17 16:48:26,436 - basicLogger - INFO - Received event job with a trace id of 1739839706436377000
2025-02-17 16:48:26,448 - basicLogger - INFO - Event with trace_id:1739839706419118900 sucessfully added to que
2025-02-17 16:48:26,456 - basicLogger - INFO - Received event job with a trace id of 1739839706456318100
2025-02-17 16:48:26,458 - basicLogger - INFO - Event with trace_id:1739839706436377000 sucessfully added to que
2025-02-17 16:48:26,458 - basicLogger - INFO - Event with trace_id:1739839706436377000 sucessfully added to que
2025-02-17 16:48:26,466 - basicLogger - INFO - Received event odometer with a trace id of 1739839706466934200
2025-02-17 16:48:26,481 - basicLogger - INFO - Event with trace_id:1739839706456318100 sucessfully added to que
2025-02-17 16:48:26,489 - basicLogger - INFO - Received event job with a trace id of 1739839706489121300
2025-02-17 16:48:26,493 - basicLogger - INFO - Received event odometer with a trace id of 1739839706493651900
2025-02-17 16:48:26,497 - basicLogger - INFO - Event with trace_id:1739839706466934200 sucessfully added to que
2025-02-17 16:48:26,502 - basicLogger - INFO - Received event odometer with a trace id of 1739839706502260800
2025-02-17 16:48:26,507 - basicLogger - INFO - Event with trace_id:1739839706489121300 sucessfully added to que
2025-02-17 16:48:26,507 - basicLogger - INFO - Event with trace_id:1739839706493651900 sucessfully added to que
2025-02-17 16:48:26,511 - basicLogger - INFO - Received event job with a trace id of 1739839706511922200
2025-02-17 16:48:26,531 - basicLogger - INFO - Event with trace_id:1739839706502260800 sucessfully added to que
2025-02-17 16:48:26,543 - basicLogger - INFO - Received event odometer with a trace id of 1739839706543204700
2025-02-17 16:48:26,544 - basicLogger - INFO - Received event job with a trace id of 1739839706544260500
2025-02-17 16:48:26,548 - basicLogger - INFO - Event with trace_id:1739839706511922200 sucessfully added to que
2025-02-17 16:48:26,558 - basicLogger - INFO - Received event job with a trace id of 1739839706558498200
2025-02-17 16:48:26,563 - basicLogger - INFO - Event with trace_id:1739839706544260500 sucessfully added to que
2025-02-17 16:48:26,563 - basicLogger - INFO - Event with trace_id:1739839706543204700 sucessfully added to que
2025-02-17 16:48:26,576 - basicLogger - INFO - Event with trace_id:1739839706558498200 sucessfully added to que
2025-02-17 16:48:26,576 - basicLogger - INFO - Received event odometer with a trace id of 1739839706576416600
2025-02-17 16:48:26,591 - basicLogger - INFO - Received event odometer with a trace id of 1739839706591799600
2025-02-17 16:48:26,600 - basicLogger - INFO - Event with trace_id:1739839706576416600 sucessfully added to que
2025-02-17 16:48:26,602 - basicLogger - INFO - Received event job with a trace id of 1739839706602610000
2025-02-17 16:48:26,614 - basicLogger - INFO - Event with trace_id:1739839706591799600 sucessfully added to que
2025-02-17 16:48:26,614 - basicLogger - INFO - Received event odometer with a trace id of 1739839706614867300
2025-02-17 16:48:26,624 - basicLogger - INFO - Received event odometer with a trace id of 1739839706624446200
2025-02-17 16:48:26,631 - basicLogger - INFO - Received event job with a trace id of 1739839706631512800
2025-02-17 16:48:26,632 - basicLogger - INFO - Event with trace_id:1739839706602610000 sucessfully added to que
2025-02-17 16:48:26,643 - basicLogger - INFO - Received event job with a trace id of 1739839706643799100
2025-02-17 16:48:26,650 - basicLogger - INFO - Event with trace_id:1739839706624446200 sucessfully added to que
2025-02-17 16:48:26,650 - basicLogger - INFO - Event with trace_id:1739839706631512800 sucessfully added to que
2025-02-17 16:48:26,650 - basicLogger - INFO - Event with trace_id:1739839706614867300 sucessfully added to que
2025-02-17 16:48:26,650 - basicLogger - INFO - Received event odometer with a trace id of 1739839706650797700
2025-02-17 16:48:26,665 - basicLogger - INFO - Received event job with a trace id of 1739839706665380300
2025-02-17 16:48:26,685 - basicLogger - INFO - Event with trace_id:1739839706643799100 sucessfully added to que
2025-02-17 16:48:26,685 - basicLogger - INFO - Received event odometer with a trace id of 1739839706685928800
2025-02-17 16:48:26,717 - basicLogger - INFO - Event with trace_id:1739839706650797700 sucessfully added to que
2025-02-17 16:48:26,717 - basicLogger - INFO - Event with trace_id:1739839706665380300 sucessfully added to que
2025-02-17 16:48:26,734 - basicLogger - INFO - Received event job with a trace id of 1739839706734689300
2025-02-17 16:48:26,734 - basicLogger - INFO - Event with trace_id:1739839706685928800 sucessfully added to que
2025-02-17 16:48:26,757 - basicLogger - INFO - Event with trace_id:1739839706734689300 sucessfully added to que
2025-02-17 16:48:26,757 - basicLogger - INFO - Received event odometer with a trace id of 1739839706757367600
2025-02-17 16:48:26,757 - basicLogger - INFO - Received event job with a trace id of 1739839706757367600
2025-02-17 16:48:26,767 - basicLogger - INFO - Received event job with a trace id of 1739839706767846000
2025-02-17 16:48:26,774 - basicLogger - INFO - Event with trace_id:1739839706757367600 sucessfully added to que
2025-02-17 16:48:26,774 - basicLogger - INFO - Received event odometer with a trace id of 1739839706774911200
2025-02-17 16:48:26,774 - basicLogger - INFO - Received event odometer with a trace id of 1739839706774911200
2025-02-17 16:48:26,783 - basicLogger - INFO - Received event job with a trace id of 1739839706783869100
2025-02-17 16:48:26,788 - basicLogger - INFO - Event with trace_id:1739839706757367600 sucessfully added to que
2025-02-17 16:48:26,788 - basicLogger - INFO - Event with trace_id:1739839706767846000 sucessfully added to que
2025-02-17 16:48:26,788 - basicLogger - INFO - Event with trace_id:1739839706774911200 sucessfully added to que
2025-02-17 16:48:26,788 - basicLogger - INFO - Event with trace_id:1739839706774911200 sucessfully added to que
2025-02-17 16:48:26,788 - basicLogger - INFO - Event with trace_id:1739839706783869100 sucessfully added to que
2025-02-17 16:48:26,798 - basicLogger - INFO - Received event odometer with a trace id of 1739839706798642300
2025-02-17 16:48:26,798 - basicLogger - INFO - Received event odometer with a trace id of 1739839706798642300
2025-02-17 16:48:26,808 - basicLogger - INFO - Event with trace_id:1739839706798642300 sucessfully added to que
2025-02-17 16:48:26,819 - basicLogger - INFO - Received event job with a trace id of 1739839706819389800
2025-02-17 16:48:26,819 - basicLogger - INFO - Received event job with a trace id of 1739839706819389800
2025-02-17 16:48:26,819 - basicLogger - INFO - Received event odometer with a trace id of 1739839706819389800
2025-02-17 16:48:26,819 - basicLogger - INFO - Event with trace_id:1739839706798642300 sucessfully added to que
2025-02-17 16:48:26,829 - basicLogger - INFO - Received event job with a trace id of 1739839706829623800
2025-02-17 16:48:26,835 - basicLogger - INFO - Received event job with a trace id of 1739839706835635300
2025-02-17 16:48:26,835 - basicLogger - INFO - Event with trace_id:1739839706819389800 sucessfully added to que
2025-02-17 16:48:26,835 - basicLogger - INFO - Event with trace_id:1739839706819389800 sucessfully added to que
2025-02-17 16:48:26,835 - basicLogger - INFO - Event with trace_id:1739839706819389800 sucessfully added to que
2025-02-17 16:48:26,843 - basicLogger - INFO - Event with trace_id:1739839706829623800 sucessfully added to que
2025-02-17 16:48:26,843 - basicLogger - INFO - Event with trace_id:1739839706835635300 sucessfully added to que
2025-02-17 16:48:26,850 - basicLogger - INFO - Received event odometer with a trace id of 1739839706850070000
2025-02-17 16:48:26,850 - basicLogger - INFO - Received event odometer with a trace id of 1739839706850070000
2025-02-17 16:48:26,861 - basicLogger - INFO - Event with trace_id:1739839706850070000 sucessfully added to que
2025-02-17 16:48:26,872 - basicLogger - INFO - Received event job with a trace id of 1739839706872087000
2025-02-17 16:48:26,872 - basicLogger - INFO - Event with trace_id:1739839706850070000 sucessfully added to que
2025-02-17 16:48:26,876 - basicLogger - INFO - Received event odometer with a trace id of 1739839706876608600
2025-02-17 16:48:26,876 - basicLogger - INFO - Received event odometer with a trace id of 1739839706876608600
2025-02-17 16:48:26,896 - basicLogger - INFO - Event with trace_id:1739839706872087000 sucessfully added to que
2025-02-17 16:48:26,896 - basicLogger - INFO - Received event job with a trace id of 1739839706896920900
2025-02-17 16:48:26,909 - basicLogger - INFO - Received event job with a trace id of 1739839706909035400
2025-02-17 16:48:26,909 - basicLogger - INFO - Event with trace_id:1739839706876608600 sucessfully added to que
2025-02-17 16:48:26,909 - basicLogger - INFO - Event with trace_id:1739839706876608600 sucessfully added to que
2025-02-17 16:48:26,917 - basicLogger - INFO - Received event odometer with a trace id of 1739839706917154900
2025-02-17 16:48:26,923 - basicLogger - INFO - Event with trace_id:1739839706896920900 sucessfully added to que
2025-02-17 16:48:26,938 - basicLogger - INFO - Event with trace_id:1739839706909035400 sucessfully added to que
2025-02-17 16:48:26,938 - basicLogger - INFO - Received event job with a trace id of 1739839706938467900
2025-02-17 16:48:26,938 - basicLogger - INFO - Event with trace_id:1739839706917154900 sucessfully added to que
2025-02-17 16:48:26,938 - basicLogger - INFO - Received event job with a trace id of 1739839706938467900
2025-02-17 16:48:26,956 - basicLogger - INFO - Received event odometer with a trace id of 1739839706956465000
2025-02-17 16:48:26,956 - basicLogger - INFO - Event with trace_id:1739839706938467900 sucessfully added to que
2025-02-17 16:48:26,970 - basicLogger - INFO - Received event job with a trace id of 1739839706970497000
2025-02-17 16:48:26,970 - basicLogger - INFO - Received event odometer with a trace id of 1739839706970497000
2025-02-17 16:48:26,970 - basicLogger - INFO - Event with trace_id:1739839706938467900 sucessfully added to que
2025-02-17 16:48:26,970 - basicLogger - INFO - Event with trace_id:1739839706956465000 sucessfully added to que
2025-02-17 16:48:26,986 - basicLogger - INFO - Received event odometer with a trace id of 1739839706986837700
2025-02-17 16:48:26,986 - basicLogger - INFO - Event with trace_id:1739839706970497000 sucessfully added to que
2025-02-17 16:48:26,986 - basicLogger - INFO - Event with trace_id:1739839706970497000 sucessfully added to que
2025-02-17 16:48:27,007 - basicLogger - INFO - Received event job with a trace id of 1739839707007452900
2025-02-17 16:48:27,007 - basicLogger - INFO - Event with trace_id:1739839706986837700 sucessfully added to que
2025-02-17 16:48:27,017 - basicLogger - INFO - Event with trace_id:1739839707007452900 sucessfully added to que
2025-02-17 16:48:27,036 - basicLogger - INFO - Received event job with a trace id of 1739839707036025400
2025-02-17 16:48:27,036 - basicLogger - INFO - Received event odometer with a trace id of 1739839707036544600
2025-02-17 16:48:27,049 - basicLogger - INFO - Received event odometer with a trace id of 1739839707049363700
2025-02-17 16:48:27,049 - basicLogger - INFO - Event with trace_id:1739839707036025400 sucessfully added to que
2025-02-17 16:48:27,049 - basicLogger - INFO - Received event job with a trace id of 1739839707049363700
2025-02-17 16:48:27,057 - basicLogger - INFO - Event with trace_id:1739839707049363700 sucessfully added to que
2025-02-17 16:48:27,057 - basicLogger - INFO - Event with trace_id:1739839707036544600 sucessfully added to que
2025-02-17 16:48:27,057 - basicLogger - INFO - Received event odometer with a trace id of 1739839707057874800
2025-02-17 16:48:27,068 - basicLogger - INFO - Event with trace_id:1739839707049363700 sucessfully added to que
2025-02-17 16:48:27,068 - basicLogger - INFO - Received event job with a trace id of 1739839707068374900
2025-02-17 16:48:27,082 - basicLogger - INFO - Received event job with a trace id of 1739839707082929200
2025-02-17 16:48:27,080 - basicLogger - INFO - Event with trace_id:1739839707057874800 sucessfully added to que
2025-02-17 16:48:27,089 - basicLogger - INFO - Event with trace_id:1739839707068374900 sucessfully added to que
2025-02-17 16:48:27,089 - basicLogger - INFO - Received event odometer with a trace id of 1739839707089597200
2025-02-17 16:48:27,100 - basicLogger - INFO - Received event job with a trace id of 1739839707100649500
2025-02-17 16:48:27,100 - basicLogger - INFO - Event with trace_id:1739839707082929200 sucessfully added to que
2025-02-17 16:48:27,100 - basicLogger - INFO - Received event odometer with a trace id of 1739839707100649500
2025-02-17 16:48:27,112 - basicLogger - INFO - Event with trace_id:1739839707089597200 sucessfully added to que
2025-02-17 16:48:27,116 - basicLogger - INFO - Event with trace_id:1739839707100649500 sucessfully added to que
2025-02-17 16:48:27,124 - basicLogger - INFO - Received event odometer with a trace id of 1739839707124226100
2025-02-17 16:48:27,132 - basicLogger - INFO - Received event job with a trace id of 1739839707132904800
2025-02-17 16:48:27,132 - basicLogger - INFO - Event with trace_id:1739839707100649500 sucessfully added to que
2025-02-17 16:48:27,132 - basicLogger - INFO - Received event odometer with a trace id of 1739839707132904800
2025-02-17 16:48:27,140 - basicLogger - INFO - Event with trace_id:1739839707124226100 sucessfully added to que
2025-02-17 16:48:27,151 - basicLogger - INFO - Event with trace_id:1739839707132904800 sucessfully added to que
2025-02-17 16:48:27,151 - basicLogger - INFO - Event with trace_id:1739839707132904800 sucessfully added to que
2025-02-17 16:48:27,151 - basicLogger - INFO - Received event job with a trace id of 1739839707151715000
2025-02-17 16:48:27,164 - basicLogger - INFO - Received event job with a trace id of 1739839707164774700
2025-02-17 16:48:27,171 - basicLogger - INFO - Event with trace_id:1739839707151715000 sucessfully added to que
2025-02-17 16:48:27,171 - basicLogger - INFO - Received event odometer with a trace id of 1739839707171817900
2025-02-17 16:48:27,171 - basicLogger - INFO - Received event job with a trace id of 1739839707171817900
2025-02-17 16:48:27,181 - basicLogger - INFO - Event with trace_id:1739839707164774700 sucessfully added to que
2025-02-17 16:48:27,181 - basicLogger - INFO - Event with trace_id:1739839707171817900 sucessfully added to que
2025-02-17 16:48:27,181 - basicLogger - INFO - Event with trace_id:1739839707171817900 sucessfully added to que
2025-02-17 16:48:27,242 - basicLogger - INFO - Received event odometer with a trace id of 1739839707242515800
2025-02-17 16:48:27,242 - basicLogger - INFO - Received event job with a trace id of 1739839707242515800
2025-02-17 16:48:27,242 - basicLogger - INFO - Received event odometer with a trace id of 1739839707242515800
2025-02-17 16:48:27,242 - basicLogger - INFO - Event with trace_id:1739839707242515800 sucessfully added to que
2025-02-17 16:48:27,255 - basicLogger - INFO - Event with trace_id:1739839707242515800 sucessfully added to que
2025-02-17 16:48:27,255 - basicLogger - INFO - Event with trace_id:1739839707242515800 sucessfully added to que
2025-02-17 16:48:27,263 - basicLogger - INFO - Received event job with a trace id of 1739839707263678000
2025-02-17 16:48:27,277 - basicLogger - INFO - Received event odometer with a trace id of 1739839707277259000
2025-02-17 16:48:27,287 - basicLogger - INFO - Received event job with a trace id of 1739839707287273700
2025-02-17 16:48:27,277 - basicLogger - INFO - Event with trace_id:1739839707263678000 sucessfully added to que
2025-02-17 16:48:27,322 - basicLogger - INFO - Event with trace_id:1739839707277259000 sucessfully added to que
2025-02-17 16:48:27,328 - basicLogger - INFO - Received event odometer with a trace id of 1739839707328717200
2025-02-17 16:48:27,331 - basicLogger - INFO - Event with trace_id:1739839707287273700 sucessfully added to que
2025-02-17 16:48:27,335 - basicLogger - INFO - Received event job with a trace id of 1739839707335242900
2025-02-17 16:48:27,349 - basicLogger - INFO - Received event odometer with a trace id of 1739839707349638800
2025-02-17 16:48:27,348 - basicLogger - INFO - Event with trace_id:1739839707328717200 sucessfully added to que
2025-02-17 16:48:27,352 - basicLogger - INFO - Event with trace_id:1739839707335242900 sucessfully added to que
2025-02-17 16:48:27,352 - basicLogger - INFO - Received event job with a trace id of 1739839707352218800
2025-02-17 16:48:27,352 - basicLogger - INFO - Event with trace_id:1739839707349638800 sucessfully added to que
2025-02-17 16:48:27,365 - basicLogger - INFO - Event with trace_id:1739839707352218800 sucessfully added to que
2025-02-17 16:48:27,369 - basicLogger - INFO - Received event odometer with a trace id of 1739839707369846700
2025-02-17 16:48:27,372 - basicLogger - INFO - Received event job with a trace id of 1739839707372354000
2025-02-17 16:48:27,377 - basicLogger - INFO - Received event odometer with a trace id of 1739839707377379100
2025-02-17 16:48:27,379 - basicLogger - INFO - Event with trace_id:1739839707369846700 sucessfully added to que
2025-02-17 16:48:27,382 - basicLogger - INFO - Event with trace_id:1739839707372354000 sucessfully added to que
2025-02-17 16:48:27,390 - basicLogger - INFO - Received event job with a trace id of 1739839707390216600
2025-02-17 16:48:27,396 - basicLogger - INFO - Event with trace_id:1739839707377379100 sucessfully added to que
2025-02-17 16:48:27,402 - basicLogger - INFO - Received event odometer with a trace id of 1739839707402857600
2025-02-17 16:48:27,402 - basicLogger - INFO - Event with trace_id:1739839707390216600 sucessfully added to que
2025-02-17 16:48:27,402 - basicLogger - INFO - Received event job with a trace id of 1739839707402857600
2025-02-17 16:48:27,413 - basicLogger - INFO - Event with trace_id:1739839707402857600 sucessfully added to que
2025-02-17 16:48:27,423 - basicLogger - INFO - Event with trace_id:1739839707402857600 sucessfully added to que
2025-02-17 16:48:27,423 - basicLogger - INFO - Received event job with a trace id of 1739839707423252100
2025-02-17 16:48:27,430 - basicLogger - INFO - Event with trace_id:1739839707423252100 sucessfully added to que
2025-02-17 16:48:27,433 - basicLogger - INFO - Received event odometer with a trace id of 1739839707433537100
2025-02-17 16:48:27,436 - basicLogger - INFO - Event with trace_id:1739839707433537100 sucessfully added to que
2025-02-17 16:48:27,436 - basicLogger - INFO - Received event odometer with a trace id of 1739839707436625800
2025-02-17 16:48:27,451 - basicLogger - INFO - Event with trace_id:1739839707436625800 sucessfully added to que
2025-02-17 16:48:27,453 - basicLogger - INFO - Received event job with a trace id of 1739839707453854900
2025-02-17 16:48:27,453 - basicLogger - INFO - Event with trace_id:1739839707453854900 sucessfully added to que
2025-02-17 16:48:27,460 - basicLogger - INFO - Received event job with a trace id of 1739839707460382600
2025-02-17 16:48:27,464 - basicLogger - INFO - Event with trace_id:1739839707460382600 sucessfully added to que
2025-02-17 16:48:27,464 - basicLogger - INFO - Received event odometer with a trace id of 1739839707464418200
2025-02-17 16:48:27,474 - basicLogger - INFO - Event with trace_id:1739839707464418200 sucessfully added to que
2025-02-17 16:48:27,485 - basicLogger - INFO - Received event job with a trace id of 1739839707485167500
2025-02-17 16:48:27,491 - basicLogger - INFO - Event with trace_id:1739839707485167500 sucessfully added to que
